




<!DOCTYPE html>
<html>
<head>
	<meta charset='UTF-8' /> 
	<meta name='description' content='' />
	<meta name='robots' content='noodp, noydir' />
	<meta name='viewport' content='width=device-width, initial-scale=1' />
	<meta id="timeStampFormat" name="timeStampFormat" content='MMM d, yyyy hh:mm:ss a'/>
	
        <link href='https://fonts.googleapis.com/css?family=Source+Sans+Pro:400,600' rel='stylesheet' type='text/css' />
        <link href="https://fonts.googleapis.com/icon?family=Material+Icons" rel="stylesheet" />
        <link href='https://cdn.jsdelivr.net/gh/extent-framework/extent-github-cdn@ff53917fbbdb5ef820abbbe4d199a6942dc771ff/v3html/css/extent.css' type='text/css' rel='stylesheet' />
	
	<title>HTML Extent</title>

	<style type='text/css'>
		/* json-tree */
		.jstBracket,.jstComma,.jstValue{white-space:pre-wrap}.jstValue{font-size:10px;font-weight:400;font-family:"Lucida Console",Monaco,monospace}.jstProperty{color:#666;word-wrap:break-word}.jstBool{color:#2525CC}.jstNum{color:#D036D0}.jstNull{color:gray}.jstStr{color:#2DB669}.jstFold:after{content:' -';cursor:pointer}.jstExpand{white-space:normal}.jstExpand:after{content:' +';cursor:pointer}.jstFolded{white-space:normal!important}.jstHiddenBlock{display:none}
			
	</style>
	
	<script type="text/javascript">
		/*! json-tree - v0.2.2 - 2017-09-25, MIT LICENSE */
		var JSONTree=function(){var n={"&":"&amp;","<":"&lt;",">":"&gt;",'"':"&quot;","'":"&#x27;","/":"&#x2F;"},t=0,r=0;this.create=function(n,t){return r+=1,N(u(n,0,!1),{class:"jstValue"})};var e=function(t){return t.replace(/[&<>'"]/g,function(t){return n[t]})},s=function(){return r+"_"+t++},u=function(n,t,r){if(null===n)return f(r?t:0);switch(typeof n){case"boolean":return l(n,r?t:0);case"number":return i(n,r?t:0);case"string":return o(n,r?t:0);default:return n instanceof Array?a(n,t,r):c(n,t,r)}},c=function(n,t,r){var e=s(),u=Object.keys(n).map(function(r){return j(r,n[r],t+1,!0)}).join(m()),c=[g("{",r?t:0,e),N(u,{id:e}),p("}",t)].join("\n");return N(c,{})},a=function(n,t,r){var e=s(),c=n.map(function(n){return u(n,t+1,!0)}).join(m());return[g("[",r?t:0,e),N(c,{id:e}),p("]",t)].join("\n")},o=function(n,t){var r=e(JSON.stringify(n));return N(v(r,t),{class:"jstStr"})},i=function(n,t){return N(v(n,t),{class:"jstNum"})},l=function(n,t){return N(v(n,t),{class:"jstBool"})},f=function(n){return N(v("null",n),{class:"jstNull"})},j=function(n,t,r){var s=v(e(JSON.stringify(n))+": ",r),c=N(u(t,r,!1),{});return N(s+c,{class:"jstProperty"})},m=function(){return N(",\n",{class:"jstComma"})},N=function(n,t){return d("span",t,n)},d=function(n,t,r){return"<"+n+Object.keys(t).map(function(n){return" "+n+'="'+t[n]+'"'}).join("")+">"+r+"</"+n+">"},g=function(n,t,r){return N(v(n,t),{class:"jstBracket"})+N("",{class:"jstFold",onclick:"JSONTree.toggle('"+r+"')"})};this.toggle=function(n){var t=document.getElementById(n),r=t.parentNode,e=t.previousElementSibling;""===t.className?(t.className="jstHiddenBlock",r.className="jstFolded",e.className="jstExpand"):(t.className="",r.className="",e.className="jstFold")};var p=function(n,t){return N(v(n,t),{})},v=function(n,t){return Array(2*t+1).join(" ")+n};return this}();
	</script>
</head>
	<body class='extent dark default hide-overflow bdd-report'>
		<div id='theme-selector' alt='Click to toggle theme. To enable by default, use theme configuration.' title='Click to toggle theme. To enable by default, use theme configuration.'>
			<span><i class='material-icons'>desktop_windows</i></span>
		</div>
<nav>
	<div class="nav-wrapper">
        <a href="#!" class="brand-logo black"><img src="https://cdn.jsdelivr.net/gh/extent-framework/extent-github-cdn@ff53917fbbdb5ef820abbbe4d199a6942dc771ff/commons/img/logo.png"></a>
		<!-- slideout menu -->
		<ul id='slide-out' class='side-nav fixed hide-on-med-and-down'>
			<li class='waves-effect active'><a href='#!' view='test-view' onclick="configureView(0);chartsView('test');"><i class='material-icons'>dashboard</i></a></li>
			<li class='waves-effect'><a href='#!' view='category-view' onclick="configureView(1)"><i class='material-icons'>label_outline</i></a></li>
			<li class='waves-effect'><a href='#!' view='exception-view' onclick="configureView(2)"><i class='material-icons'>bug_report</i></a></li>
			<li class='waves-effect'><a href='#!' onclick="configureView(-1);chartsView('dashboard');" view='dashboard-view'><i class='material-icons'>track_changes</i></a></li>
		</ul>
		<!-- report name -->
		<span class='report-name'>GhChirp Report</span>
		<!-- report headline -->
		<span class='report-headline'></span>
		<!-- nav-right -->
		<ul id='nav-mobile' class='right hide-on-med-and-down nav-right'>
			<a href='#!'>
			<span class='label blue darken-3 suite-start-time'>Dec 9, 2022 01:46:49 pm</span>
			</a>
		</ul>
	</div>
</nav>		<!-- container -->
		<div class='container'>
<div id='test-view' class='view'>
	<section id='controls'>
		<div class='controls grey lighten-4'>
			<!-- test toggle -->
			<div class='chip transparent'>
				<a class='dropdown-button tests-toggle' data-activates='tests-toggle' data-constrainwidth='true' data-beloworigin='true' data-hover='true' href='#'>
				<i class='material-icons'>warning</i> Status
				</a>
				<ul id='tests-toggle' class='dropdown-content'>
										<li status='fail'><a href='#!'>Fail <i class='material-icons red-text'>cancel</i></a></li>
					<li class='divider'></li>
					<li status='clear' clear='true'><a href='#!'>Clear Filters <i class='material-icons'>clear</i></a></li>
				</ul>
			</div>
			<!-- test toggle -->
			<!-- category toggle -->
			<div class='chip transparent'>
				<a class='dropdown-button category-toggle' data-activates='category-toggle' data-constrainwidth='false' data-beloworigin='true' data-hover='true' href='#'>
				<i class='material-icons'>local_offer</i> Category
				</a>
				<ul id='category-toggle' class='dropdown-content'>
					<li><a href='#'>@tags</a></li>
					<li><a href='#'>@tags4</a></li>
					<li><a href='#'>@tags6</a></li>
					<li><a href='#'>@tags1</a></li>
					<li><a href='#'>@tags5</a></li>
					<li><a href='#'>@tags3</a></li>
					<li><a href='#'>@tags2</a></li>
					<li class='divider'></li>
					<li class='clear'><a href='#!' clear='true'>Clear Filters</a></li>
				</ul>
			</div>
			<!-- category toggle -->
			<!-- clear filters -->
			<div class='chip transparent hide'>
				<a class='' id='clear-filters' alt='Clear Filters' title='Clear Filters'>
				<i class='material-icons'>close</i> Clear
				</a>
			</div>
			<!-- clear filters -->
			<!-- enable dashboard -->
			<div id='toggle-test-view-charts' class='chip transparent'>
				<a class='pink-text' id='enable-dashboard' alt='Enable Dashboard' title='Enable Dashboard'>
				<i class='material-icons'>track_changes</i> Dashboard
				</a>
			</div>
			<!-- enable dashboard -->
			<!-- search -->
			<div class='chip transparent' alt='Search Tests' title='Search Tests'>
				<a href="#" class='search-div'>
				<i class='material-icons'>search</i> Search
				</a>
				<div class='input-field left hide'>
					<input id='search-tests' type='text' class='validate browser-default' placeholder='Search Tests...'>
				</div>
			</div>
			<!-- search -->
		</div>
	</section>

<div id='test-view-charts' class='subview-full'>
    <div id='charts-row' class='row nm-v nm-h'>
        <div class='col s12 m4 l4 np-h'>
            <div class='card-panel nm-v'>
                <div class='left panel-name'>Features</div>
                <div class='chart-box' style="max-height:94px;">
                    <canvas id='parent-analysis' width='90' height='70'></canvas>
                </div>
                <div class='block text-small'>
                    <span class='tooltipped' data-position='top' data-tooltip='$0%'>
                    <span class='strong'>0</span> features passed</span>
                </div>
                <div class='block text-small'>
                    <span class='strong tooltipped' data-position='top' data-tooltip='100%'>
                    1</span> features failed, 
                    <span class='strong tooltipped' data-position='top' data-tooltip='0%'>
                    0</span> skipped
                </div>
            </div>
        </div>
        <div class='col s12 m4 l4 np-h'>
            <div class='card-panel nm-v'>
                <div class='left panel-name'>Scenarios</div>
                <div class='chart-box' style="max-height:94px;">
                    <canvas id='child-analysis' width='90' height='70'></canvas>
                </div>
                <div class='block text-small'>
                    <span class='tooltipped' data-position='top' data-tooltip='42%'>
                    <span class='strong'>3</span> scenarios passed</span>
                </div>
                <div class='block text-small'>
                    <span class='strong tooltipped' data-position='top' data-tooltip='57%'>
                    4</span> scenarios failed, 
                    <span class='strong tooltipped' data-position='top' data-tooltip='0%'>
                    0</span> skipped, 
                    <span class='strong tooltipped' data-position='top' data-tooltip='0%'>
                    0</span> others
                </div>
            </div>
        </div>
        <div class='col s12 m4 l4 np-h'>
            <div class='card-panel nm-v'>
                <div class='left panel-name'>Steps</div>
                <div class='chart-box' style="max-height:94px;">
                    <canvas id='grandchild-analysis' width='90' height='70'></canvas>
                </div>
                <div class='block text-small'>
                    <span class='tooltipped' data-position='top' data-tooltip='45%'>
                    <span class='strong'>16</span> steps passed</span>
                </div>
                <div class='block text-small'>
                    <span class='strong tooltipped' data-position='top' data-tooltip='11%'>
                    4</span> steps failed, 
                    <span class='strong tooltipped' data-position='top' data-tooltip='42%'>
                    15</span> skipped, 
                    <span class='strong tooltipped' data-position='top' data-tooltip='0%'>
                    0</span> others
                </div>
            </div>
        </div>
    </div>
    <div id="timeline-chart" class="row nm-v nm-h">
        <div class="col s12 m12 l12 np-h">
            <div class="card-panel">
                <div class='left panel-name'>Timeline (seconds)</div>
                <div class="chart-box" style="width:98%;max-height:145px;">
                    <canvas id="timeline" height="120"></canvas>
                </div>
            </div>
        </div>
    </div>
</div>	
	<div class='subview-left left'>
		<div class='view-summary'>
			<ul id='test-collection' class='test-collection'>
				<li class='test displayed active has-leaf fail' status='fail' bdd='true' test-id='1'>
					<div class='test-heading'>
						<span class='test-name'>Checking the Booking Functionality of and Adaction Application</span>
						<span class='test-time'>Dec 9, 2022 01:46:58 pm</span>
						<span class='test-status right fail'>Fail</span>
					</div>
					<div class='test-content hide'>
<div class="sr-filters bdd-filters">
	<a class="btn-floating waves-effect waves-light pass green" title="pass"><i class='material-icons'>check_circle</i></a>
	<a class="btn-floating waves-effect waves-light fail red" title="fail"><i class='material-icons'>cancel</i></a>
	<a class="btn-floating waves-effect waves-light skip blue" title="skip"><i class='material-icons'>redo</i></a>
	<a class="btn-floating waves-effect waves-light clear grey" title="clear"><i class='material-icons'>clear</i></a>
</div>

<div class='scenario outline node' test-id='2' status='pass'>

	<span class='duration right label'>00 00 14.968</span>
	<div class="bdd-test">
		<div class="scenario-name"><span class='status pass' title='Pass'><i class='material-icons'>check_circle</i></span> Scenario Outline: Login Functionality</div>
	</div>
	
		<div class='node-desc'><br><br><table class='markup-table table '><tr><td>Username</td><td>Password</td></tr><tr><td>abcd</td><td>xyz</td></tr><tr><td>fdfc</td><td>abcd</td></tr><tr><td>harishvenkat</td><td>W18KU00</td></tr></table></div>
	
		<div class='category-list'>
				<span class='category label'>@tags1</span>
				<span class='category label'>@tags</span>
		</div>
	
	<ul class='steps'>
		<li test-id='3' class='node scenario Pass' status='Pass'>
			<div class="step-name" title="()"><span class='status pass' title='Pass'><i class='material-icons'>check_circle</i></span>Login Functionality</div>

				<div class='category-list'>
						<span class='category label'>@tags2</span>
						<span class='category label'>@tags1</span>
						<span class='category label'>@tags</span>
				</div>

			<ul class='gc steps'>
				<li test-id='4' class='gc given Pass' status='Pass'>
					<h6 class="step-name" title="com.step.StepDefinition.user_must_launch_in_the_url_field(java.lang.String)"><span class='status pass' title='Pass'><i class='material-icons'>check_circle</i></span>Given user Must Launch "http://adactinhotelapp.com/" In The Url Field</h6>

				</li>
				<li test-id='6' class='gc when Pass' status='Pass'>
					<h6 class="step-name" title="com.step.StepDefinition.user_enter_the_in_the_username_field(java.lang.String)"><span class='status pass' title='Pass'><i class='material-icons'>check_circle</i></span>When user Enter The "abcd" In The Username Field</h6>

				</li>
				<li test-id='8' class='gc and Pass' status='Pass'>
					<h6 class="step-name" title="com.step.StepDefinition.user_enter_the_in_the_password_field(java.lang.String)"><span class='status pass' title='Pass'><i class='material-icons'>check_circle</i></span>And user Enter The "xyz" In The Password Field</h6>

				</li>
				<li test-id='10' class='gc then Pass' status='Pass'>
					<h6 class="step-name" title="com.step.StepDefinition.user_click_the_login_button_and_it_navigates_to_the_search_hoterl_page()"><span class='status pass' title='Pass'><i class='material-icons'>check_circle</i></span>Then user Click The LoginButton and It Navigates To The Search Hoterl Page</h6>

				</li>
			</ul>
		</li>
		<li test-id='12' class='node scenario Pass' status='Pass'>
			<div class="step-name" title="()"><span class='status pass' title='Pass'><i class='material-icons'>check_circle</i></span>Login Functionality</div>

				<div class='category-list'>
						<span class='category label'>@tags2</span>
						<span class='category label'>@tags1</span>
						<span class='category label'>@tags</span>
				</div>

			<ul class='gc steps'>
				<li test-id='13' class='gc given Pass' status='Pass'>
					<h6 class="step-name" title="com.step.StepDefinition.user_must_launch_in_the_url_field(java.lang.String)"><span class='status pass' title='Pass'><i class='material-icons'>check_circle</i></span>Given user Must Launch "http://adactinhotelapp.com/" In The Url Field</h6>

				</li>
				<li test-id='15' class='gc when Pass' status='Pass'>
					<h6 class="step-name" title="com.step.StepDefinition.user_enter_the_in_the_username_field(java.lang.String)"><span class='status pass' title='Pass'><i class='material-icons'>check_circle</i></span>When user Enter The "fdfc" In The Username Field</h6>

				</li>
				<li test-id='17' class='gc and Pass' status='Pass'>
					<h6 class="step-name" title="com.step.StepDefinition.user_enter_the_in_the_password_field(java.lang.String)"><span class='status pass' title='Pass'><i class='material-icons'>check_circle</i></span>And user Enter The "abcd" In The Password Field</h6>

				</li>
				<li test-id='19' class='gc then Pass' status='Pass'>
					<h6 class="step-name" title="com.step.StepDefinition.user_click_the_login_button_and_it_navigates_to_the_search_hoterl_page()"><span class='status pass' title='Pass'><i class='material-icons'>check_circle</i></span>Then user Click The LoginButton and It Navigates To The Search Hoterl Page</h6>

				</li>
			</ul>
		</li>
		<li test-id='21' class='node scenario Pass' status='Pass'>
			<div class="step-name" title="()"><span class='status pass' title='Pass'><i class='material-icons'>check_circle</i></span>Login Functionality</div>

				<div class='category-list'>
						<span class='category label'>@tags2</span>
						<span class='category label'>@tags1</span>
						<span class='category label'>@tags</span>
				</div>

			<ul class='gc steps'>
				<li test-id='22' class='gc given Pass' status='Pass'>
					<h6 class="step-name" title="com.step.StepDefinition.user_must_launch_in_the_url_field(java.lang.String)"><span class='status pass' title='Pass'><i class='material-icons'>check_circle</i></span>Given user Must Launch "http://adactinhotelapp.com/" In The Url Field</h6>

				</li>
				<li test-id='24' class='gc when Pass' status='Pass'>
					<h6 class="step-name" title="com.step.StepDefinition.user_enter_the_in_the_username_field(java.lang.String)"><span class='status pass' title='Pass'><i class='material-icons'>check_circle</i></span>When user Enter The "harishvenkat" In The Username Field</h6>

				</li>
				<li test-id='26' class='gc and Pass' status='Pass'>
					<h6 class="step-name" title="com.step.StepDefinition.user_enter_the_in_the_password_field(java.lang.String)"><span class='status pass' title='Pass'><i class='material-icons'>check_circle</i></span>And user Enter The "W18KU00" In The Password Field</h6>

				</li>
				<li test-id='28' class='gc then Pass' status='Pass'>
					<h6 class="step-name" title="com.step.StepDefinition.user_click_the_login_button_and_it_navigates_to_the_search_hoterl_page()"><span class='status pass' title='Pass'><i class='material-icons'>check_circle</i></span>Then user Click The LoginButton and It Navigates To The Search Hoterl Page</h6>

				</li>
			</ul>
		</li>
	</ul>
</div>
<div class='scenario node' test-id='30' status='fail'>

	<span class='duration right label'>00 00 01.298</span>
	<div class="bdd-test">
		<div class="scenario-name"><span class='status fail' title='Fail'><i class='material-icons'>cancel</i></span> Scenario: Hotel Search Page Functionlity</div>
	</div>
	
	
		<div class='category-list'>
				<span class='category label'>@tags3</span>
				<span class='category label'>@tags</span>
		</div>
	
	<ul class='steps'>
		<li test-id='31' class='node when Fail' status='Fail'>
			<div class="step-name" title="(com.step.StepDefinition.user_select_the_on_the_location_drop_down(java.lang.String))"><span class='status fail' title='Fail'><i class='material-icons'>cancel</i></span>When user Select The "London" On The Location DropDown</div>


					<textarea disabled class="code-block">org.openqa.selenium.NoSuchElementException: no such element: Unable to locate element: {"method":"css selector","selector":"#location"}
  (Session info: chrome=108.0.5359.99)
For documentation on this error, please visit: https://www.seleniumhq.org/exceptions/no_such_element.html
Build info: version: '3.141.59', revision: 'e82be7d358', time: '2018-11-14T08:17:03'
System info: host: 'DESKTOP-R48L5PS', ip: '192.168.0.128', os.name: 'Windows 10', os.arch: 'amd64', os.version: '10.0', java.version: '19.0.1'
Driver info: org.openqa.selenium.chrome.ChromeDriver
Capabilities {acceptInsecureCerts: false, browserName: chrome, browserVersion: 108.0.5359.99, chrome: {chromedriverVersion: 108.0.5359.71 (1e0e3868ee06..., userDataDir: C:\Users\haris\AppData\Loca...}, goog:chromeOptions: {debuggerAddress: localhost:63540}, javascriptEnabled: true, networkConnectionEnabled: false, pageLoadStrategy: normal, platform: WINDOWS, platformName: WINDOWS, proxy: Proxy(), setWindowRect: true, strictFileInteractability: false, timeouts: {implicit: 0, pageLoad: 300000, script: 30000}, unhandledPromptBehavior: dismiss and notify, webauthn:extension:credBlob: true, webauthn:extension:largeBlob: true, webauthn:virtualAuthenticators: true}
Session ID: 52de32ffda001b2e848afee41e5705c1
*** Element info: {Using=id, value=location}
	at java.base/jdk.internal.reflect.DirectConstructorHandleAccessor.newInstance(DirectConstructorHandleAccessor.java:67)
	at java.base/java.lang.reflect.Constructor.newInstanceWithCaller(Constructor.java:500)
	at java.base/java.lang.reflect.Constructor.newInstance(Constructor.java:484)
	at org.openqa.selenium.remote.http.W3CHttpResponseCodec.createException(W3CHttpResponseCodec.java:187)
	at org.openqa.selenium.remote.http.W3CHttpResponseCodec.decode(W3CHttpResponseCodec.java:122)
	at org.openqa.selenium.remote.http.W3CHttpResponseCodec.decode(W3CHttpResponseCodec.java:49)
	at org.openqa.selenium.remote.HttpCommandExecutor.execute(HttpCommandExecutor.java:158)
	at org.openqa.selenium.remote.service.DriverCommandExecutor.execute(DriverCommandExecutor.java:83)
	at org.openqa.selenium.remote.RemoteWebDriver.execute(RemoteWebDriver.java:552)
	at org.openqa.selenium.remote.RemoteWebDriver.findElement(RemoteWebDriver.java:323)
	at org.openqa.selenium.remote.RemoteWebDriver.findElementById(RemoteWebDriver.java:372)
	at org.openqa.selenium.By$ById.findElement(By.java:188)
	at org.openqa.selenium.remote.RemoteWebDriver.findElement(RemoteWebDriver.java:315)
	at org.openqa.selenium.support.pagefactory.DefaultElementLocator.findElement(DefaultElementLocator.java:69)
	at org.openqa.selenium.support.pagefactory.internal.LocatingElementHandler.invoke(LocatingElementHandler.java:38)
	at jdk.proxy2/jdk.proxy2.$Proxy37.getTagName(Unknown Source)
	at org.openqa.selenium.support.ui.Select.<init>(Select.java:45)
	at com.MavinProject1.BaseClass.selectByVisibleText(BaseClass.java:95)
	at com.step.StepDefinition.user_select_the_on_the_location_drop_down(StepDefinition.java:79)
	at ✽.user Select The "London" On The Location DropDown(file:///D:/New%20folder%20(2)/Eclipse/Maven/Cucumber_Maven/src/test/java/features/1Adactin.feature:20)
</textarea>
		</li>
		<li test-id='32' class='node * Pass' status='Pass'>
			<div class="step-name" title="(AFTER_STEP)"><span class='status pass' title='Pass'><i class='material-icons'>check_circle</i></span>com.step.StepDefinition.takescreenshot(io.cucumber.java.Scenario)</div>


					<div class="node-step">imagepass</div>
					<div class='screenshots'>
						<img width='80' height='40' onerror='this.style.display="none"' data-featherlight='../../screenshot/embedded1.png' src='../../screenshot/embedded1.png'>
					</div>
		</li>
		<li test-id='33' class='node and Skip' status='Skip'>
			<div class="step-name" title="(com.step.StepDefinition.user_select_the_on_the_hotel_drop_down(java.lang.String))"><span class='status skip' title='Skip'><i class='material-icons'>redo</i></span>And user Select The "Hotel Sunshine" On The Hotel DropDown</div>


					<div class="node-step">Step skipped</div>
		</li>
		<li test-id='35' class='node and Skip' status='Skip'>
			<div class="step-name" title="(com.step.StepDefinition.user_select_the_on_the_room_type_drop_down(java.lang.String))"><span class='status skip' title='Skip'><i class='material-icons'>redo</i></span>And user Select The "Deluxe" On The Room Type DropDown</div>


					<div class="node-step">Step skipped</div>
		</li>
		<li test-id='37' class='node and Skip' status='Skip'>
			<div class="step-name" title="(com.step.StepDefinition.user_select_the_on_the_number_of_room_drop_down(java.lang.String))"><span class='status skip' title='Skip'><i class='material-icons'>redo</i></span>And user Select The "2 - Two" On The Number Of Room DropDown</div>


					<div class="node-step">Step skipped</div>
		</li>
		<li test-id='39' class='node and Skip' status='Skip'>
			<div class="step-name" title="(com.step.StepDefinition.user_select_the_on_the_adult_per_room_drop_down(java.lang.String))"><span class='status skip' title='Skip'><i class='material-icons'>redo</i></span>And user Select The "2" On The Adult Per Room DropDown</div>


					<div class="node-step">Step skipped</div>
		</li>
		<li test-id='41' class='node and Skip' status='Skip'>
			<div class="step-name" title="(com.step.StepDefinition.user_select_the_on_the_childern_per_room_drop_down(java.lang.String))"><span class='status skip' title='Skip'><i class='material-icons'>redo</i></span>And user Select The "1" On The Childern Per Room DropDown</div>


					<div class="node-step">Step skipped</div>
		</li>
		<li test-id='43' class='node then Skip' status='Skip'>
			<div class="step-name" title="(com.step.StepDefinition.user_click_the_search_button_and_it_navigate_to_the_hotel_search_page())"><span class='status skip' title='Skip'><i class='material-icons'>redo</i></span>Then user Click The SearchButton and It Navigate To The Hotel Search Page</div>


					<div class="node-step">Step skipped</div>
		</li>
	</ul>
</div>
<div class='scenario node' test-id='45' status='fail'>

	<span class='duration right label'>00 00 01.185</span>
	<div class="bdd-test">
		<div class="scenario-name"><span class='status fail' title='Fail'><i class='material-icons'>cancel</i></span> Scenario: Hotel A Hotel Functionality</div>
	</div>
	
	
		<div class='category-list'>
				<span class='category label'>@tags4</span>
				<span class='category label'>@tags</span>
		</div>
	
	<ul class='steps'>
		<li test-id='46' class='node when Fail' status='Fail'>
			<div class="step-name" title="(com.step.StepDefinition.user_select_the_hotel_on_the_select_hotel_field())"><span class='status fail' title='Fail'><i class='material-icons'>cancel</i></span>When user Select The Hotel On The Select Hotel Field</div>


					<textarea disabled class="code-block">org.openqa.selenium.NoSuchElementException: no such element: Unable to locate element: {"method":"css selector","selector":"#radiobutton_0"}
  (Session info: chrome=108.0.5359.99)
For documentation on this error, please visit: https://www.seleniumhq.org/exceptions/no_such_element.html
Build info: version: '3.141.59', revision: 'e82be7d358', time: '2018-11-14T08:17:03'
System info: host: 'DESKTOP-R48L5PS', ip: '192.168.0.128', os.name: 'Windows 10', os.arch: 'amd64', os.version: '10.0', java.version: '19.0.1'
Driver info: org.openqa.selenium.chrome.ChromeDriver
Capabilities {acceptInsecureCerts: false, browserName: chrome, browserVersion: 108.0.5359.99, chrome: {chromedriverVersion: 108.0.5359.71 (1e0e3868ee06..., userDataDir: C:\Users\haris\AppData\Loca...}, goog:chromeOptions: {debuggerAddress: localhost:63540}, javascriptEnabled: true, networkConnectionEnabled: false, pageLoadStrategy: normal, platform: WINDOWS, platformName: WINDOWS, proxy: Proxy(), setWindowRect: true, strictFileInteractability: false, timeouts: {implicit: 0, pageLoad: 300000, script: 30000}, unhandledPromptBehavior: dismiss and notify, webauthn:extension:credBlob: true, webauthn:extension:largeBlob: true, webauthn:virtualAuthenticators: true}
Session ID: 52de32ffda001b2e848afee41e5705c1
*** Element info: {Using=id, value=radiobutton_0}
	at java.base/jdk.internal.reflect.DirectConstructorHandleAccessor.newInstance(DirectConstructorHandleAccessor.java:67)
	at java.base/java.lang.reflect.Constructor.newInstanceWithCaller(Constructor.java:500)
	at java.base/java.lang.reflect.Constructor.newInstance(Constructor.java:484)
	at org.openqa.selenium.remote.http.W3CHttpResponseCodec.createException(W3CHttpResponseCodec.java:187)
	at org.openqa.selenium.remote.http.W3CHttpResponseCodec.decode(W3CHttpResponseCodec.java:122)
	at org.openqa.selenium.remote.http.W3CHttpResponseCodec.decode(W3CHttpResponseCodec.java:49)
	at org.openqa.selenium.remote.HttpCommandExecutor.execute(HttpCommandExecutor.java:158)
	at org.openqa.selenium.remote.service.DriverCommandExecutor.execute(DriverCommandExecutor.java:83)
	at org.openqa.selenium.remote.RemoteWebDriver.execute(RemoteWebDriver.java:552)
	at org.openqa.selenium.remote.RemoteWebDriver.findElement(RemoteWebDriver.java:323)
	at org.openqa.selenium.remote.RemoteWebDriver.findElementById(RemoteWebDriver.java:372)
	at org.openqa.selenium.By$ById.findElement(By.java:188)
	at org.openqa.selenium.remote.RemoteWebDriver.findElement(RemoteWebDriver.java:315)
	at org.openqa.selenium.support.pagefactory.DefaultElementLocator.findElement(DefaultElementLocator.java:69)
	at org.openqa.selenium.support.pagefactory.internal.LocatingElementHandler.invoke(LocatingElementHandler.java:38)
	at jdk.proxy2/jdk.proxy2.$Proxy37.click(Unknown Source)
	at com.MavinProject1.BaseClass.Click(BaseClass.java:77)
	at com.step.StepDefinition.user_select_the_hotel_on_the_select_hotel_field(StepDefinition.java:121)
	at ✽.user Select The Hotel On The Select Hotel Field(file:///D:/New%20folder%20(2)/Eclipse/Maven/Cucumber_Maven/src/test/java/features/1Adactin.feature:30)
</textarea>
		</li>
		<li test-id='47' class='node * Pass' status='Pass'>
			<div class="step-name" title="(AFTER_STEP)"><span class='status pass' title='Pass'><i class='material-icons'>check_circle</i></span>com.step.StepDefinition.takescreenshot(io.cucumber.java.Scenario)</div>


					<div class="node-step">imagepass</div>
					<div class='screenshots'>
						<img width='80' height='40' onerror='this.style.display="none"' data-featherlight='../../screenshot/embedded2.png' src='../../screenshot/embedded2.png'>
					</div>
		</li>
		<li test-id='48' class='node then Skip' status='Skip'>
			<div class="step-name" title="(com.step.StepDefinition.user_click_continue_button_and_it_navigates_to_the_book_a_hotel_page())"><span class='status skip' title='Skip'><i class='material-icons'>redo</i></span>Then user Click ContinueButton and It Navigates To The Book A Hotel Page</div>


					<div class="node-step">Step skipped</div>
		</li>
	</ul>
</div>
<div class='scenario node' test-id='50' status='fail'>

	<span class='duration right label'>00 00 00.829</span>
	<div class="bdd-test">
		<div class="scenario-name"><span class='status fail' title='Fail'><i class='material-icons'>cancel</i></span> Scenario: Book A Hotel Functionality</div>
	</div>
	
	
		<div class='category-list'>
				<span class='category label'>@tags5</span>
				<span class='category label'>@tags</span>
		</div>
	
	<ul class='steps'>
		<li test-id='51' class='node when Fail' status='Fail'>
			<div class="step-name" title="(com.step.StepDefinition.user_enter_in_the_first_name_field(java.lang.String))"><span class='status fail' title='Fail'><i class='material-icons'>cancel</i></span>When user Enter "Santhosh" In The First Name Field</div>


					<textarea disabled class="code-block">org.openqa.selenium.NoSuchElementException: no such element: Unable to locate element: {"method":"css selector","selector":"#first_name"}
  (Session info: chrome=108.0.5359.99)
For documentation on this error, please visit: https://www.seleniumhq.org/exceptions/no_such_element.html
Build info: version: '3.141.59', revision: 'e82be7d358', time: '2018-11-14T08:17:03'
System info: host: 'DESKTOP-R48L5PS', ip: '192.168.0.128', os.name: 'Windows 10', os.arch: 'amd64', os.version: '10.0', java.version: '19.0.1'
Driver info: org.openqa.selenium.chrome.ChromeDriver
Capabilities {acceptInsecureCerts: false, browserName: chrome, browserVersion: 108.0.5359.99, chrome: {chromedriverVersion: 108.0.5359.71 (1e0e3868ee06..., userDataDir: C:\Users\haris\AppData\Loca...}, goog:chromeOptions: {debuggerAddress: localhost:63540}, javascriptEnabled: true, networkConnectionEnabled: false, pageLoadStrategy: normal, platform: WINDOWS, platformName: WINDOWS, proxy: Proxy(), setWindowRect: true, strictFileInteractability: false, timeouts: {implicit: 0, pageLoad: 300000, script: 30000}, unhandledPromptBehavior: dismiss and notify, webauthn:extension:credBlob: true, webauthn:extension:largeBlob: true, webauthn:virtualAuthenticators: true}
Session ID: 52de32ffda001b2e848afee41e5705c1
*** Element info: {Using=id, value=first_name}
	at java.base/jdk.internal.reflect.DirectConstructorHandleAccessor.newInstance(DirectConstructorHandleAccessor.java:67)
	at java.base/java.lang.reflect.Constructor.newInstanceWithCaller(Constructor.java:500)
	at java.base/java.lang.reflect.Constructor.newInstance(Constructor.java:484)
	at org.openqa.selenium.remote.http.W3CHttpResponseCodec.createException(W3CHttpResponseCodec.java:187)
	at org.openqa.selenium.remote.http.W3CHttpResponseCodec.decode(W3CHttpResponseCodec.java:122)
	at org.openqa.selenium.remote.http.W3CHttpResponseCodec.decode(W3CHttpResponseCodec.java:49)
	at org.openqa.selenium.remote.HttpCommandExecutor.execute(HttpCommandExecutor.java:158)
	at org.openqa.selenium.remote.service.DriverCommandExecutor.execute(DriverCommandExecutor.java:83)
	at org.openqa.selenium.remote.RemoteWebDriver.execute(RemoteWebDriver.java:552)
	at org.openqa.selenium.remote.RemoteWebDriver.findElement(RemoteWebDriver.java:323)
	at org.openqa.selenium.remote.RemoteWebDriver.findElementById(RemoteWebDriver.java:372)
	at org.openqa.selenium.By$ById.findElement(By.java:188)
	at org.openqa.selenium.remote.RemoteWebDriver.findElement(RemoteWebDriver.java:315)
	at org.openqa.selenium.support.pagefactory.DefaultElementLocator.findElement(DefaultElementLocator.java:69)
	at org.openqa.selenium.support.pagefactory.internal.LocatingElementHandler.invoke(LocatingElementHandler.java:38)
	at jdk.proxy2/jdk.proxy2.$Proxy37.sendKeys(Unknown Source)
	at com.MavinProject1.BaseClass.sendKeys(BaseClass.java:72)
	at com.step.StepDefinition.user_enter_in_the_first_name_field(StepDefinition.java:133)
	at ✽.user Enter "Santhosh" In The First Name Field(file:///D:/New%20folder%20(2)/Eclipse/Maven/Cucumber_Maven/src/test/java/features/1Adactin.feature:35)
</textarea>
		</li>
		<li test-id='52' class='node * Pass' status='Pass'>
			<div class="step-name" title="(AFTER_STEP)"><span class='status pass' title='Pass'><i class='material-icons'>check_circle</i></span>com.step.StepDefinition.takescreenshot(io.cucumber.java.Scenario)</div>


					<div class="node-step">imagepass</div>
					<div class='screenshots'>
						<img width='80' height='40' onerror='this.style.display="none"' data-featherlight='../../screenshot/embedded3.png' src='../../screenshot/embedded3.png'>
					</div>
		</li>
		<li test-id='53' class='node and Skip' status='Skip'>
			<div class="step-name" title="(com.step.StepDefinition.user_enter_the_in_the_last_name_field(java.lang.String))"><span class='status skip' title='Skip'><i class='material-icons'>redo</i></span>And user Enter The "kumar" In The Last Name Field</div>


					<div class="node-step">Step skipped</div>
		</li>
		<li test-id='55' class='node and Skip' status='Skip'>
			<div class="step-name" title="(com.step.StepDefinition.user_enter_the_in_the_address_field(java.lang.String))"><span class='status skip' title='Skip'><i class='material-icons'>redo</i></span>And user Enter The "8/81 Ramar Kovil st, porur, Chennai - 600098" In The Address Field</div>


					<div class="node-step">Step skipped</div>
		</li>
		<li test-id='57' class='node and Skip' status='Skip'>
			<div class="step-name" title="(com.step.StepDefinition.user_enter_the_in_the_credit_card_number_field(java.lang.String))"><span class='status skip' title='Skip'><i class='material-icons'>redo</i></span>And user Enter The "4534543768128745" In The Credit Card Number Field</div>


					<div class="node-step">Step skipped</div>
		</li>
		<li test-id='59' class='node and Skip' status='Skip'>
			<div class="step-name" title="(com.step.StepDefinition.user_enter_the_in_the_credit_card_type_drop_down(java.lang.String))"><span class='status skip' title='Skip'><i class='material-icons'>redo</i></span>And user Enter The "VISA" In The Credit Card Type DropDown</div>


					<div class="node-step">Step skipped</div>
		</li>
		<li test-id='61' class='node and Skip' status='Skip'>
			<div class="step-name" title="(com.step.StepDefinition.user_enter_the_on_the_expiry_month_drop_dowm(java.lang.String))"><span class='status skip' title='Skip'><i class='material-icons'>redo</i></span>And user Enter The "3" on The Expiry Month DropDowm</div>


					<div class="node-step">Step skipped</div>
		</li>
		<li test-id='63' class='node and Skip' status='Skip'>
			<div class="step-name" title="(com.step.StepDefinition.user_enter_the_in_the_expiry_year_drop_dowm(java.lang.String))"><span class='status skip' title='Skip'><i class='material-icons'>redo</i></span>And user Enter The "2022" In The Expiry Year DropDowm</div>


					<div class="node-step">Step skipped</div>
		</li>
		<li test-id='65' class='node and Skip' status='Skip'>
			<div class="step-name" title="(com.step.StepDefinition.user_enter_the_in_the_cvv_number_field(java.lang.String))"><span class='status skip' title='Skip'><i class='material-icons'>redo</i></span>And user Enter The "0843" In The CVV Number Field</div>


					<div class="node-step">Step skipped</div>
		</li>
		<li test-id='67' class='node then Skip' status='Skip'>
			<div class="step-name" title="(com.step.StepDefinition.user_click_the_book_now_button_and_it_navigates_to_booking_confirmation_page())"><span class='status skip' title='Skip'><i class='material-icons'>redo</i></span>Then user Click The Book Now button and It Navigates To Booking Confirmation Page</div>


					<div class="node-step">Step skipped</div>
		</li>
	</ul>
</div>
<div class='scenario node' test-id='69' status='fail'>

	<span class='duration right label'>00 00 10.717</span>
	<div class="bdd-test">
		<div class="scenario-name"><span class='status fail' title='Fail'><i class='material-icons'>cancel</i></span> Scenario: Booking Confirmation Functionality</div>
	</div>
	
	
		<div class='category-list'>
				<span class='category label'>@tags</span>
				<span class='category label'>@tags6</span>
		</div>
	
	<ul class='steps'>
		<li test-id='70' class='node then Fail' status='Fail'>
			<div class="step-name" title="(com.step.StepDefinition.user_click_log_out_button_it_navigates_to_you_have_successfully_logged_out())"><span class='status fail' title='Fail'><i class='material-icons'>cancel</i></span>Then user Click LogOut button It Navigates To You Have Successfully Logged Out</div>


					<textarea disabled class="code-block">org.openqa.selenium.TimeoutException: Expected condition failed: waiting for visibility of all elements located by By.id: logout (tried for 10 second(s) with 500 milliseconds interval)
Build info: version: '3.141.59', revision: 'e82be7d358', time: '2018-11-14T08:17:03'
System info: host: 'DESKTOP-R48L5PS', ip: '192.168.0.128', os.name: 'Windows 10', os.arch: 'amd64', os.version: '10.0', java.version: '19.0.1'
Driver info: org.openqa.selenium.chrome.ChromeDriver
Capabilities {acceptInsecureCerts: false, browserName: chrome, browserVersion: 108.0.5359.99, chrome: {chromedriverVersion: 108.0.5359.71 (1e0e3868ee06..., userDataDir: C:\Users\haris\AppData\Loca...}, goog:chromeOptions: {debuggerAddress: localhost:63540}, javascriptEnabled: true, networkConnectionEnabled: false, pageLoadStrategy: normal, platform: WINDOWS, platformName: WINDOWS, proxy: Proxy(), setWindowRect: true, strictFileInteractability: false, timeouts: {implicit: 0, pageLoad: 300000, script: 30000}, unhandledPromptBehavior: dismiss and notify, webauthn:extension:credBlob: true, webauthn:extension:largeBlob: true, webauthn:virtualAuthenticators: true}
Session ID: 52de32ffda001b2e848afee41e5705c1
	at org.openqa.selenium.support.ui.WebDriverWait.timeoutException(WebDriverWait.java:95)
	at org.openqa.selenium.support.ui.FluentWait.until(FluentWait.java:272)
	at com.MavinProject1.BaseClass.explicitWait(BaseClass.java:109)
	at com.step.StepDefinition.user_click_log_out_button_it_navigates_to_you_have_successfully_logged_out(StepDefinition.java:187)
	at ✽.user Click LogOut button It Navigates To You Have Successfully Logged Out(file:///D:/New%20folder%20(2)/Eclipse/Maven/Cucumber_Maven/src/test/java/features/1Adactin.feature:47)
</textarea>
		</li>
		<li test-id='71' class='node * Pass' status='Pass'>
			<div class="step-name" title="(AFTER_STEP)"><span class='status pass' title='Pass'><i class='material-icons'>check_circle</i></span>com.step.StepDefinition.takescreenshot(io.cucumber.java.Scenario)</div>


					<div class="node-step">imagepass</div>
					<div class='screenshots'>
						<img width='80' height='40' onerror='this.style.display="none"' data-featherlight='../../screenshot/embedded4.png' src='../../screenshot/embedded4.png'>
					</div>
		</li>
	</ul>
</div>
					</div>
				</li>
			</ul>
		</div>
	</div>
	
	
	<!-- subview left -->
	<div class='subview-right left'>
		<div class='view-summary'>
			<div id='step-filters' class="right sr-filters">
				<a class="btn-floating waves-effect waves-light green" status="pass" alt="pass" title="pass"><i class="material-icons">check_circle</i></a>
				<a class="btn-floating waves-effect waves-light red" status="fail" alt="fail" title="fail"><i class="material-icons">cancel</i></a>
				<a class="btn-floating waves-effect waves-light red darken-4" status="fatal" alt="fatal" title="fatal"><i class="material-icons">cancel</i></a>
				<a class="btn-floating waves-effect waves-light pink text-lighten-1" status="error" alt="error" title="error"><i class="material-icons">error</i></a>
				<a class="btn-floating waves-effect waves-light orange" alt="warning" status="warning" title="warning"><i class="material-icons">warning</i></a>
				<a class="btn-floating waves-effect waves-light teal" status="skip" alt="skip" title="skip"><i class="material-icons">redo</i></a>
				<a class="btn-floating waves-effect waves-light grey" status="clear" alt="Clear filters" title="Clear filters"><i class="material-icons">clear</i></a>
			</div>
			<h5 class='test-name'></h5>
		</div>
	</div>
	<!-- subview right -->
</div>
<!-- test view --><div id='category-view' class='view hide'>
	<section id='controls'>
		<div class='controls grey lighten-4'>
			<!-- search -->
			<div class='chip transparent' alt='Search Tests' title='Search Tests'>
				<a href="#" class='search-div'>
				<i class='material-icons'>search</i> Search
				</a>
				<div class='input-field left hide'>
					<input id='search-tests' type='text' class='validate browser-default' placeholder='Search Tests...'>
				</div>
			</div>
			<!-- search -->
		</div>
	</section>
	<div class='subview-left left'>
		<div class='view-summary'>
			<ul id='category-collection' class='category-collection'>
				<li class='category displayed active'>
					<div class='category-heading'>
						<span class='category-name'>@tags</span>
						<span class='category-status right'>
						<span class='label pass'>4</span>
						<span class='label fail'>4</span>
						</span>
					</div>
					<div class='category-content hide'>
						<div class='category-status-counts'>
							<span status="pass" class='label green accent-4 white-text'>Passed: 4</span>
							<span status="fail" class='label red lighten-1 white-text'>Failed: 4</span>
							
						</div>
						<div class='category-tests'>
							<table class='bordered table-results'>
								<thead>
									<tr>
										<th>Timestamp</th>
										<th>TestName</th>
										<th>Status</th>
									</tr>
								</thead>
								<tbody>
									<tr>
										<td>Dec 9, 2022 01:46:58 pm</td>
										<td class='linked' test-id='2'>Login Functionality</td>
										<td><span class='test-status Pass'>Pass</span></td>
									</tr>
									<tr>
										<td>Dec 9, 2022 01:46:58 pm</td>
										<td class='linked' test-id='3'>Login Functionality</td>
										<td><span class='test-status Pass'>Pass</span></td>
									</tr>
									<tr>
										<td>Dec 9, 2022 01:47:10 pm</td>
										<td class='linked' test-id='12'>Login Functionality</td>
										<td><span class='test-status Pass'>Pass</span></td>
									</tr>
									<tr>
										<td>Dec 9, 2022 01:47:11 pm</td>
										<td class='linked' test-id='21'>Login Functionality</td>
										<td><span class='test-status Pass'>Pass</span></td>
									</tr>
									<tr>
										<td>Dec 9, 2022 01:47:13 pm</td>
										<td class='linked' test-id='30'>Hotel Search Page Functionlity</td>
										<td><span class='test-status Fail'>Fail</span></td>
									</tr>
									<tr>
										<td>Dec 9, 2022 01:47:15 pm</td>
										<td class='linked' test-id='45'>Hotel A Hotel Functionality</td>
										<td><span class='test-status Fail'>Fail</span></td>
									</tr>
									<tr>
										<td>Dec 9, 2022 01:47:16 pm</td>
										<td class='linked' test-id='50'>Book A Hotel Functionality</td>
										<td><span class='test-status Fail'>Fail</span></td>
									</tr>
									<tr>
										<td>Dec 9, 2022 01:47:17 pm</td>
										<td class='linked' test-id='69'>Booking Confirmation Functionality</td>
										<td><span class='test-status Fail'>Fail</span></td>
									</tr>
								</tbody>
							</table>
						</div>
					</div>
				</li>
				<li class='category displayed active'>
					<div class='category-heading'>
						<span class='category-name'>@tags4</span>
						<span class='category-status right'>
						<span class='label fail'>1</span>
						</span>
					</div>
					<div class='category-content hide'>
						<div class='category-status-counts'>
							
							<span status="fail" class='label red lighten-1 white-text'>Failed: 1</span>
							
						</div>
						<div class='category-tests'>
							<table class='bordered table-results'>
								<thead>
									<tr>
										<th>Timestamp</th>
										<th>TestName</th>
										<th>Status</th>
									</tr>
								</thead>
								<tbody>
									<tr>
										<td>Dec 9, 2022 01:47:15 pm</td>
										<td class='linked' test-id='45'>Hotel A Hotel Functionality</td>
										<td><span class='test-status Fail'>Fail</span></td>
									</tr>
								</tbody>
							</table>
						</div>
					</div>
				</li>
				<li class='category displayed active'>
					<div class='category-heading'>
						<span class='category-name'>@tags6</span>
						<span class='category-status right'>
						<span class='label fail'>1</span>
						</span>
					</div>
					<div class='category-content hide'>
						<div class='category-status-counts'>
							
							<span status="fail" class='label red lighten-1 white-text'>Failed: 1</span>
							
						</div>
						<div class='category-tests'>
							<table class='bordered table-results'>
								<thead>
									<tr>
										<th>Timestamp</th>
										<th>TestName</th>
										<th>Status</th>
									</tr>
								</thead>
								<tbody>
									<tr>
										<td>Dec 9, 2022 01:47:17 pm</td>
										<td class='linked' test-id='69'>Booking Confirmation Functionality</td>
										<td><span class='test-status Fail'>Fail</span></td>
									</tr>
								</tbody>
							</table>
						</div>
					</div>
				</li>
				<li class='category displayed active'>
					<div class='category-heading'>
						<span class='category-name'>@tags1</span>
						<span class='category-status right'>
						<span class='label pass'>4</span>
						</span>
					</div>
					<div class='category-content hide'>
						<div class='category-status-counts'>
							<span status="pass" class='label green accent-4 white-text'>Passed: 4</span>
							
							
						</div>
						<div class='category-tests'>
							<table class='bordered table-results'>
								<thead>
									<tr>
										<th>Timestamp</th>
										<th>TestName</th>
										<th>Status</th>
									</tr>
								</thead>
								<tbody>
									<tr>
										<td>Dec 9, 2022 01:46:58 pm</td>
										<td class='linked' test-id='2'>Login Functionality</td>
										<td><span class='test-status Pass'>Pass</span></td>
									</tr>
									<tr>
										<td>Dec 9, 2022 01:46:58 pm</td>
										<td class='linked' test-id='3'>Login Functionality</td>
										<td><span class='test-status Pass'>Pass</span></td>
									</tr>
									<tr>
										<td>Dec 9, 2022 01:47:10 pm</td>
										<td class='linked' test-id='12'>Login Functionality</td>
										<td><span class='test-status Pass'>Pass</span></td>
									</tr>
									<tr>
										<td>Dec 9, 2022 01:47:11 pm</td>
										<td class='linked' test-id='21'>Login Functionality</td>
										<td><span class='test-status Pass'>Pass</span></td>
									</tr>
								</tbody>
							</table>
						</div>
					</div>
				</li>
				<li class='category displayed active'>
					<div class='category-heading'>
						<span class='category-name'>@tags5</span>
						<span class='category-status right'>
						<span class='label fail'>1</span>
						</span>
					</div>
					<div class='category-content hide'>
						<div class='category-status-counts'>
							
							<span status="fail" class='label red lighten-1 white-text'>Failed: 1</span>
							
						</div>
						<div class='category-tests'>
							<table class='bordered table-results'>
								<thead>
									<tr>
										<th>Timestamp</th>
										<th>TestName</th>
										<th>Status</th>
									</tr>
								</thead>
								<tbody>
									<tr>
										<td>Dec 9, 2022 01:47:16 pm</td>
										<td class='linked' test-id='50'>Book A Hotel Functionality</td>
										<td><span class='test-status Fail'>Fail</span></td>
									</tr>
								</tbody>
							</table>
						</div>
					</div>
				</li>
				<li class='category displayed active'>
					<div class='category-heading'>
						<span class='category-name'>@tags3</span>
						<span class='category-status right'>
						<span class='label fail'>1</span>
						</span>
					</div>
					<div class='category-content hide'>
						<div class='category-status-counts'>
							
							<span status="fail" class='label red lighten-1 white-text'>Failed: 1</span>
							
						</div>
						<div class='category-tests'>
							<table class='bordered table-results'>
								<thead>
									<tr>
										<th>Timestamp</th>
										<th>TestName</th>
										<th>Status</th>
									</tr>
								</thead>
								<tbody>
									<tr>
										<td>Dec 9, 2022 01:47:13 pm</td>
										<td class='linked' test-id='30'>Hotel Search Page Functionlity</td>
										<td><span class='test-status Fail'>Fail</span></td>
									</tr>
								</tbody>
							</table>
						</div>
					</div>
				</li>
				<li class='category displayed active'>
					<div class='category-heading'>
						<span class='category-name'>@tags2</span>
						<span class='category-status right'>
						<span class='label pass'>3</span>
						</span>
					</div>
					<div class='category-content hide'>
						<div class='category-status-counts'>
							<span status="pass" class='label green accent-4 white-text'>Passed: 3</span>
							
							
						</div>
						<div class='category-tests'>
							<table class='bordered table-results'>
								<thead>
									<tr>
										<th>Timestamp</th>
										<th>TestName</th>
										<th>Status</th>
									</tr>
								</thead>
								<tbody>
									<tr>
										<td>Dec 9, 2022 01:46:58 pm</td>
										<td class='linked' test-id='3'>Login Functionality</td>
										<td><span class='test-status Pass'>Pass</span></td>
									</tr>
									<tr>
										<td>Dec 9, 2022 01:47:10 pm</td>
										<td class='linked' test-id='12'>Login Functionality</td>
										<td><span class='test-status Pass'>Pass</span></td>
									</tr>
									<tr>
										<td>Dec 9, 2022 01:47:11 pm</td>
										<td class='linked' test-id='21'>Login Functionality</td>
										<td><span class='test-status Pass'>Pass</span></td>
									</tr>
								</tbody>
							</table>
						</div>
					</div>
				</li>
			</ul>
		</div>
	</div>
	<div class='subview-right left'>
		<div class='view-summary'>
			<h5 class='category-name'></h5>
		</div>
	</div>
</div>
<!-- category view --><div id='exception-view' class='view hide'>
	<section id='controls'>
		<div class='controls grey lighten-4'>
			<!-- search -->
			<div class='chip transparent' alt='Search Tests' title='Search Tests'>
				<a href="#" class='search-div'>
				<i class='material-icons'>search</i> Search
				</a>
				<div class='input-field left hide'>
					<input id='search-tests' type='text' class='validate browser-default' placeholder='Search Tests...'>
				</div>
			</div>
			<!-- search -->
		</div>
	</section>
	<div class='subview-left left'>
		<div class='view-summary'>
			<ul id='exception-collection' class='exception-collection'>
				<li class='exception displayed active'>
					<div class='exception-heading'>
						<span class='exception-name'>org.openqa.selenium.NoSuchElementException</span>
						<span class='exception-count right'><span class='label red lighten-1 white-text'>3</span></span>
					</div>
					<div class='exception-content hide'>
						<div class='exception-tests'>
							<table class='bordered table-results'>
								<thead>
									<tr>
										<th>Timestamp</th>
										<th>TestName</th>
										<th>StackTrace</th>
									</tr>
								</thead>
								<tbody>
									<tr>
										<td>Dec 9, 2022 01:47:13 pm</td>
										<td class='linked' test-id='31'>When user Select The "London" On The Location DropDown</td>
										<td>
											<textarea disabled class="code-block">org.openqa.selenium.NoSuchElementException: no such element: Unable to locate element: {"method":"css selector","selector":"#location"}
  (Session info: chrome=108.0.5359.99)
For documentation on this error, please visit: https://www.seleniumhq.org/exceptions/no_such_element.html
Build info: version: '3.141.59', revision: 'e82be7d358', time: '2018-11-14T08:17:03'
System info: host: 'DESKTOP-R48L5PS', ip: '192.168.0.128', os.name: 'Windows 10', os.arch: 'amd64', os.version: '10.0', java.version: '19.0.1'
Driver info: org.openqa.selenium.chrome.ChromeDriver
Capabilities {acceptInsecureCerts: false, browserName: chrome, browserVersion: 108.0.5359.99, chrome: {chromedriverVersion: 108.0.5359.71 (1e0e3868ee06..., userDataDir: C:\Users\haris\AppData\Loca...}, goog:chromeOptions: {debuggerAddress: localhost:63540}, javascriptEnabled: true, networkConnectionEnabled: false, pageLoadStrategy: normal, platform: WINDOWS, platformName: WINDOWS, proxy: Proxy(), setWindowRect: true, strictFileInteractability: false, timeouts: {implicit: 0, pageLoad: 300000, script: 30000}, unhandledPromptBehavior: dismiss and notify, webauthn:extension:credBlob: true, webauthn:extension:largeBlob: true, webauthn:virtualAuthenticators: true}
Session ID: 52de32ffda001b2e848afee41e5705c1
*** Element info: {Using=id, value=location}
	at java.base/jdk.internal.reflect.DirectConstructorHandleAccessor.newInstance(DirectConstructorHandleAccessor.java:67)
	at java.base/java.lang.reflect.Constructor.newInstanceWithCaller(Constructor.java:500)
	at java.base/java.lang.reflect.Constructor.newInstance(Constructor.java:484)
	at org.openqa.selenium.remote.http.W3CHttpResponseCodec.createException(W3CHttpResponseCodec.java:187)
	at org.openqa.selenium.remote.http.W3CHttpResponseCodec.decode(W3CHttpResponseCodec.java:122)
	at org.openqa.selenium.remote.http.W3CHttpResponseCodec.decode(W3CHttpResponseCodec.java:49)
	at org.openqa.selenium.remote.HttpCommandExecutor.execute(HttpCommandExecutor.java:158)
	at org.openqa.selenium.remote.service.DriverCommandExecutor.execute(DriverCommandExecutor.java:83)
	at org.openqa.selenium.remote.RemoteWebDriver.execute(RemoteWebDriver.java:552)
	at org.openqa.selenium.remote.RemoteWebDriver.findElement(RemoteWebDriver.java:323)
	at org.openqa.selenium.remote.RemoteWebDriver.findElementById(RemoteWebDriver.java:372)
	at org.openqa.selenium.By$ById.findElement(By.java:188)
	at org.openqa.selenium.remote.RemoteWebDriver.findElement(RemoteWebDriver.java:315)
	at org.openqa.selenium.support.pagefactory.DefaultElementLocator.findElement(DefaultElementLocator.java:69)
	at org.openqa.selenium.support.pagefactory.internal.LocatingElementHandler.invoke(LocatingElementHandler.java:38)
	at jdk.proxy2/jdk.proxy2.$Proxy37.getTagName(Unknown Source)
	at org.openqa.selenium.support.ui.Select.<init>(Select.java:45)
	at com.MavinProject1.BaseClass.selectByVisibleText(BaseClass.java:95)
	at com.step.StepDefinition.user_select_the_on_the_location_drop_down(StepDefinition.java:79)
	at ✽.user Select The "London" On The Location DropDown(file:///D:/New%20folder%20(2)/Eclipse/Maven/Cucumber_Maven/src/test/java/features/1Adactin.feature:20)
</textarea>
										</td>
									</tr>
									<tr>
										<td>Dec 9, 2022 01:47:15 pm</td>
										<td class='linked' test-id='46'>When user Select The Hotel On The Select Hotel Field</td>
										<td>
											<textarea disabled class="code-block">org.openqa.selenium.NoSuchElementException: no such element: Unable to locate element: {"method":"css selector","selector":"#location"}
  (Session info: chrome=108.0.5359.99)
For documentation on this error, please visit: https://www.seleniumhq.org/exceptions/no_such_element.html
Build info: version: '3.141.59', revision: 'e82be7d358', time: '2018-11-14T08:17:03'
System info: host: 'DESKTOP-R48L5PS', ip: '192.168.0.128', os.name: 'Windows 10', os.arch: 'amd64', os.version: '10.0', java.version: '19.0.1'
Driver info: org.openqa.selenium.chrome.ChromeDriver
Capabilities {acceptInsecureCerts: false, browserName: chrome, browserVersion: 108.0.5359.99, chrome: {chromedriverVersion: 108.0.5359.71 (1e0e3868ee06..., userDataDir: C:\Users\haris\AppData\Loca...}, goog:chromeOptions: {debuggerAddress: localhost:63540}, javascriptEnabled: true, networkConnectionEnabled: false, pageLoadStrategy: normal, platform: WINDOWS, platformName: WINDOWS, proxy: Proxy(), setWindowRect: true, strictFileInteractability: false, timeouts: {implicit: 0, pageLoad: 300000, script: 30000}, unhandledPromptBehavior: dismiss and notify, webauthn:extension:credBlob: true, webauthn:extension:largeBlob: true, webauthn:virtualAuthenticators: true}
Session ID: 52de32ffda001b2e848afee41e5705c1
*** Element info: {Using=id, value=location}
	at java.base/jdk.internal.reflect.DirectConstructorHandleAccessor.newInstance(DirectConstructorHandleAccessor.java:67)
	at java.base/java.lang.reflect.Constructor.newInstanceWithCaller(Constructor.java:500)
	at java.base/java.lang.reflect.Constructor.newInstance(Constructor.java:484)
	at org.openqa.selenium.remote.http.W3CHttpResponseCodec.createException(W3CHttpResponseCodec.java:187)
	at org.openqa.selenium.remote.http.W3CHttpResponseCodec.decode(W3CHttpResponseCodec.java:122)
	at org.openqa.selenium.remote.http.W3CHttpResponseCodec.decode(W3CHttpResponseCodec.java:49)
	at org.openqa.selenium.remote.HttpCommandExecutor.execute(HttpCommandExecutor.java:158)
	at org.openqa.selenium.remote.service.DriverCommandExecutor.execute(DriverCommandExecutor.java:83)
	at org.openqa.selenium.remote.RemoteWebDriver.execute(RemoteWebDriver.java:552)
	at org.openqa.selenium.remote.RemoteWebDriver.findElement(RemoteWebDriver.java:323)
	at org.openqa.selenium.remote.RemoteWebDriver.findElementById(RemoteWebDriver.java:372)
	at org.openqa.selenium.By$ById.findElement(By.java:188)
	at org.openqa.selenium.remote.RemoteWebDriver.findElement(RemoteWebDriver.java:315)
	at org.openqa.selenium.support.pagefactory.DefaultElementLocator.findElement(DefaultElementLocator.java:69)
	at org.openqa.selenium.support.pagefactory.internal.LocatingElementHandler.invoke(LocatingElementHandler.java:38)
	at jdk.proxy2/jdk.proxy2.$Proxy37.getTagName(Unknown Source)
	at org.openqa.selenium.support.ui.Select.<init>(Select.java:45)
	at com.MavinProject1.BaseClass.selectByVisibleText(BaseClass.java:95)
	at com.step.StepDefinition.user_select_the_on_the_location_drop_down(StepDefinition.java:79)
	at ✽.user Select The "London" On The Location DropDown(file:///D:/New%20folder%20(2)/Eclipse/Maven/Cucumber_Maven/src/test/java/features/1Adactin.feature:20)
</textarea>
										</td>
									</tr>
									<tr>
										<td>Dec 9, 2022 01:47:16 pm</td>
										<td class='linked' test-id='51'>When user Enter "Santhosh" In The First Name Field</td>
										<td>
											<textarea disabled class="code-block">org.openqa.selenium.NoSuchElementException: no such element: Unable to locate element: {"method":"css selector","selector":"#location"}
  (Session info: chrome=108.0.5359.99)
For documentation on this error, please visit: https://www.seleniumhq.org/exceptions/no_such_element.html
Build info: version: '3.141.59', revision: 'e82be7d358', time: '2018-11-14T08:17:03'
System info: host: 'DESKTOP-R48L5PS', ip: '192.168.0.128', os.name: 'Windows 10', os.arch: 'amd64', os.version: '10.0', java.version: '19.0.1'
Driver info: org.openqa.selenium.chrome.ChromeDriver
Capabilities {acceptInsecureCerts: false, browserName: chrome, browserVersion: 108.0.5359.99, chrome: {chromedriverVersion: 108.0.5359.71 (1e0e3868ee06..., userDataDir: C:\Users\haris\AppData\Loca...}, goog:chromeOptions: {debuggerAddress: localhost:63540}, javascriptEnabled: true, networkConnectionEnabled: false, pageLoadStrategy: normal, platform: WINDOWS, platformName: WINDOWS, proxy: Proxy(), setWindowRect: true, strictFileInteractability: false, timeouts: {implicit: 0, pageLoad: 300000, script: 30000}, unhandledPromptBehavior: dismiss and notify, webauthn:extension:credBlob: true, webauthn:extension:largeBlob: true, webauthn:virtualAuthenticators: true}
Session ID: 52de32ffda001b2e848afee41e5705c1
*** Element info: {Using=id, value=location}
	at java.base/jdk.internal.reflect.DirectConstructorHandleAccessor.newInstance(DirectConstructorHandleAccessor.java:67)
	at java.base/java.lang.reflect.Constructor.newInstanceWithCaller(Constructor.java:500)
	at java.base/java.lang.reflect.Constructor.newInstance(Constructor.java:484)
	at org.openqa.selenium.remote.http.W3CHttpResponseCodec.createException(W3CHttpResponseCodec.java:187)
	at org.openqa.selenium.remote.http.W3CHttpResponseCodec.decode(W3CHttpResponseCodec.java:122)
	at org.openqa.selenium.remote.http.W3CHttpResponseCodec.decode(W3CHttpResponseCodec.java:49)
	at org.openqa.selenium.remote.HttpCommandExecutor.execute(HttpCommandExecutor.java:158)
	at org.openqa.selenium.remote.service.DriverCommandExecutor.execute(DriverCommandExecutor.java:83)
	at org.openqa.selenium.remote.RemoteWebDriver.execute(RemoteWebDriver.java:552)
	at org.openqa.selenium.remote.RemoteWebDriver.findElement(RemoteWebDriver.java:323)
	at org.openqa.selenium.remote.RemoteWebDriver.findElementById(RemoteWebDriver.java:372)
	at org.openqa.selenium.By$ById.findElement(By.java:188)
	at org.openqa.selenium.remote.RemoteWebDriver.findElement(RemoteWebDriver.java:315)
	at org.openqa.selenium.support.pagefactory.DefaultElementLocator.findElement(DefaultElementLocator.java:69)
	at org.openqa.selenium.support.pagefactory.internal.LocatingElementHandler.invoke(LocatingElementHandler.java:38)
	at jdk.proxy2/jdk.proxy2.$Proxy37.getTagName(Unknown Source)
	at org.openqa.selenium.support.ui.Select.<init>(Select.java:45)
	at com.MavinProject1.BaseClass.selectByVisibleText(BaseClass.java:95)
	at com.step.StepDefinition.user_select_the_on_the_location_drop_down(StepDefinition.java:79)
	at ✽.user Select The "London" On The Location DropDown(file:///D:/New%20folder%20(2)/Eclipse/Maven/Cucumber_Maven/src/test/java/features/1Adactin.feature:20)
</textarea>
										</td>
									</tr>
								</tbody>
							</table>
						</div>
					</div>
				</li>
				<li class='exception displayed active'>
					<div class='exception-heading'>
						<span class='exception-name'>org.openqa.selenium.TimeoutException</span>
						<span class='exception-count right'><span class='label red lighten-1 white-text'>1</span></span>
					</div>
					<div class='exception-content hide'>
						<div class='exception-tests'>
							<table class='bordered table-results'>
								<thead>
									<tr>
										<th>Timestamp</th>
										<th>TestName</th>
										<th>StackTrace</th>
									</tr>
								</thead>
								<tbody>
									<tr>
										<td>Dec 9, 2022 01:47:17 pm</td>
										<td class='linked' test-id='70'>Then user Click LogOut button It Navigates To You Have Successfully Logged Out</td>
										<td>
											<textarea disabled class="code-block">org.openqa.selenium.TimeoutException: Expected condition failed: waiting for visibility of all elements located by By.id: logout (tried for 10 second(s) with 500 milliseconds interval)
Build info: version: '3.141.59', revision: 'e82be7d358', time: '2018-11-14T08:17:03'
System info: host: 'DESKTOP-R48L5PS', ip: '192.168.0.128', os.name: 'Windows 10', os.arch: 'amd64', os.version: '10.0', java.version: '19.0.1'
Driver info: org.openqa.selenium.chrome.ChromeDriver
Capabilities {acceptInsecureCerts: false, browserName: chrome, browserVersion: 108.0.5359.99, chrome: {chromedriverVersion: 108.0.5359.71 (1e0e3868ee06..., userDataDir: C:\Users\haris\AppData\Loca...}, goog:chromeOptions: {debuggerAddress: localhost:63540}, javascriptEnabled: true, networkConnectionEnabled: false, pageLoadStrategy: normal, platform: WINDOWS, platformName: WINDOWS, proxy: Proxy(), setWindowRect: true, strictFileInteractability: false, timeouts: {implicit: 0, pageLoad: 300000, script: 30000}, unhandledPromptBehavior: dismiss and notify, webauthn:extension:credBlob: true, webauthn:extension:largeBlob: true, webauthn:virtualAuthenticators: true}
Session ID: 52de32ffda001b2e848afee41e5705c1
	at org.openqa.selenium.support.ui.WebDriverWait.timeoutException(WebDriverWait.java:95)
	at org.openqa.selenium.support.ui.FluentWait.until(FluentWait.java:272)
	at com.MavinProject1.BaseClass.explicitWait(BaseClass.java:109)
	at com.step.StepDefinition.user_click_log_out_button_it_navigates_to_you_have_successfully_logged_out(StepDefinition.java:187)
	at ✽.user Click LogOut button It Navigates To You Have Successfully Logged Out(file:///D:/New%20folder%20(2)/Eclipse/Maven/Cucumber_Maven/src/test/java/features/1Adactin.feature:47)
</textarea>
										</td>
									</tr>
								</tbody>
							</table>
						</div>
					</div>
				</li>
			</ul>
		</div>
	</div>
	<div class='subview-right left'>
		<div class='view-summary'>
			<h5 class='exception-name'></h5>
		</div>
	</div>
</div>
<!-- exception view --><div id='dashboard-view' class='view hide'>
	<div class='card-panel transparent np-v'>
		<h5>Dashboard</h5>

		<div class='row'>
			<div class='col s2'>
				<div class='card-panel r'>
					Features
					<div class='panel-lead'>1</div>
				</div>
			</div>
			<div class='col s2'>
				<div class='card-panel r'>
					Scenarios
					<div class='panel-lead'>7</div>
				</div>
			</div>
			<div class='col s2'>
				<div class='card-panel r'>
					Steps
					<div class='panel-lead'>35</div>
				</div>
			</div>
			<div class='col s2'>
				<div class='card-panel r'>
					Start
					<div class='panel-lead'>Dec 9, 2022 01:46:49 pm</div>
				</div>
			</div>
			<div class='col s2'>
				<div class='card-panel r'>
			 		End
			 		<div class='panel-lead'>Dec 9, 2022 01:47:28 pm</div>
				</div>
			</div>
			<div class='col s2'>
				<div class='card-panel r'>
					Time Taken
					<div class='panel-lead'>00 00 38.290</div>
				</div>
			</div>
			<div class='col s4'>
				<div class='card-panel dashboard-environment'>
					<span class='right label cyan white-text'>Environment</span><p>&nbsp;</p>
					
					<table>
						<tr>
							<th>Name</th>
							<th>Value</th>
						</tr>
							<tr>
								<td>version</td>
								<td>10</td>
							</tr>
							<tr>
								<td>os</td>
								<td>Windows</td>
							</tr>
					</table>
				</div>
			</div>
			<div class='col s6'>
				<div class='card-panel dashboard-categories'>
					<span class='right label cyan white-text'>Categories</span><p>&nbsp;</p>
					
					<table>
						<tr>
							<th>Name</th>
							<th>Passed</th>
							<th>Failed</th>
							<th>Skipped</th>
							<th>Passed %</th>
						</tr>
						<tr>
							<td>@tags</td>
							<td>4</td>
							<td>4</td>
							<td>0</td>
							<td>
									50%
							</td>
						</tr>
						<tr>
							<td>@tags4</td>
							<td>0</td>
							<td>1</td>
							<td>0</td>
							<td>
									0%
							</td>
						</tr>
						<tr>
							<td>@tags6</td>
							<td>0</td>
							<td>1</td>
							<td>0</td>
							<td>
									0%
							</td>
						</tr>
						<tr>
							<td>@tags1</td>
							<td>4</td>
							<td>0</td>
							<td>0</td>
							<td>
									100%
							</td>
						</tr>
						<tr>
							<td>@tags5</td>
							<td>0</td>
							<td>1</td>
							<td>0</td>
							<td>
									0%
							</td>
						</tr>
						<tr>
							<td>@tags3</td>
							<td>0</td>
							<td>1</td>
							<td>0</td>
							<td>
									0%
							</td>
						</tr>
						<tr>
							<td>@tags2</td>
							<td>3</td>
							<td>0</td>
							<td>0</td>
							<td>
									100%
							</td>
						</tr>
					</table>
				</div>
			</div>
		</div>
	</div>
</div>
<!-- dashboard view -->
		</div>
		<!-- container -->
		<script>
			var statusGroup = {
                parentCount: 1,
				passParent: 0,
				failParent: 1,
				fatalParent: 0,
				errorParent: 0,
				warningParent: 0,
				skipParent: 0,
				childCount: 7,
				passChild: 3,
				failChild: 4,
				fatalChild: 0,
				errorChild: 0,
				warningChild: 0,
				skipChild: 0,
				infoChild: 0,
				grandChildCount: 35,
				passGrandChild: 16,
				failGrandChild: 4,
				fatalGrandChild: 0,
				errorGrandChild: 0,
				warningGrandChild: 0,
				skipGrandChild: 15,
				infoGrandChild: 0,
			};
			</script>
		
		<script>
			var timeline = {
			        "Checking the Booking Functionality of and Adaction Application":29.453
			};
		</script>
		
		  <script src='https://cdn.jsdelivr.net/gh/extent-framework/extent-github-cdn@ff53917fbbdb5ef820abbbe4d199a6942dc771ff/v3html/js/extent.js' type='text/javascript'></script>
		
		
		<script type='text/javascript'>
				
		</script> 

	</body>
</html>