

<!DOCTYPE html>
<html>
<head>
<meta charset="UTF-8">
<meta name="viewport" content="width=device-width, initial-scale=1, shrink-to-fit=no">
<title>Spark Extent</title>
<link rel="apple-touch-icon" href="https://cdn.jsdelivr.net/gh/extent-framework/extent-github-cdn@b00a2d0486596e73dd7326beacf352c639623a0e/commons/img/logo.png">
<link rel="shortcut icon" href="https://cdn.jsdelivr.net/gh/extent-framework/extent-github-cdn@b00a2d0486596e73dd7326beacf352c639623a0e/commons/img/logo.png">
<link href="https://cdn.jsdelivr.net/gh/extent-framework/extent-github-cdn@d6562a79075e061305ccfdb82f01e5e195e2d307/spark/css/spark-style.css" rel="stylesheet" />
<link href="https://stackpath.bootstrapcdn.com/font-awesome/4.7.0/css/font-awesome.min.css" rel="stylesheet">
<script src="https://cdn.jsdelivr.net/gh/extent-framework/extent-github-cdn@7cc78ce/spark/js/jsontree.js"></script>
<style type="text/css"></style></head><body class="spa bdd-report dark">
  <div class="app">
    <div class="layout">
<div class="header navbar">
<div class="vheader">
<div class="nav-logo">
<a href="#">
<div class="logo" style="background-image: url('https://cdn.jsdelivr.net/gh/extent-framework/extent-github-cdn@b00a2d0486596e73dd7326beacf352c639623a0e/commons/img/logo.png')"></div>
</a>
</div>
<ul class="nav-left">
<li class="search-box">
<a class="search-toggle" href="#">
<i class="search-icon fa fa-search"></i>
<i class="search-icon-close fa fa-close"></i>
</a>
</li>
<li class="search-input"><input id="search-tests" class="form-control" type="text" placeholder="Search..."></li>
</ul>
<ul class="nav-right">
<li class="m-r-10">
<a href="#"><span class="badge badge-primary">Grasshopper Report</span></a>
</li>
<li class="m-r-10">
<a href="#"><span class="badge badge-primary">Dec 9, 2022 01:46:49 pm</span></a>
</li>
</ul>
</div>
</div><div class="side-nav">
<div class="side-nav-inner">
<ul class="side-nav-menu">
<li class="nav-item dropdown" onclick="toggleView('dashboard-view')">
<a id="nav-dashboard" class="dropdown-toggle" href="#">
<span class="ico"><i class="fa fa-bar-chart"></i></span>
</a>
</li>
<li class="nav-item dropdown" onclick="toggleView('test-view')">
<a id="nav-test" class="dropdown-toggle" href="#">
<span class="ico"><i class="fa fa-list"></i></span>
</a>
</li>
</ul>
</div>
</div>      <div class="vcontainer">
        <div class="main-content">
<div class="container-fluid p-4 view dashboard-view">
<div class="row">
<div class="col-md-3">
<div class="card"><div class="card-body">
<p class="m-b-0">Started</p>
<h3>Dec 9, 2022 01:46:49 pm</h3>
</div></div>
</div>
<div class="col-md-3">
<div class="card"><div class="card-body">
<p class="m-b-0">Ended</p>
<h3>Dec 9, 2022 01:47:28 pm</h3>
</div></div>
</div>
<div class="col-md-3">
<div class="card"><div class="card-body">
<p class="m-b-0 text-pass">Features Passed</p>
<h3>0</h3>
</div></div>
</div>
<div class="col-md-3">
<div class="card"><div class="card-body">
<p class="m-b-0 text-fail">Features Failed</p>
<h3>1</h3>
</div></div>
</div>
</div>
<div class="row">
<div class="col-md-4">
<div class="card">
<div class="card-header">
<h6 class="card-title">Features</h6>
</div>
<div class="card-body">
<div class="">
<canvas id='parent-analysis' width='115' height='90'></canvas>
</div>
</div>
<div class="card-footer">
<div><small data-tooltip='0%'>
<b>0</b> features passed
</small>
</div>
<div>
<small data-tooltip='100%'><b>1</b> features failed,
<b>0</b> skipped, <b data-tooltip='0%'>0</b> others
</small>
</div>
</div>
</div>
</div>
<div class="col-md-4">
<div class="card">
<div class="card-header">
<h6 class="card-title">Scenarios</h6>
</div>
<div class="card-body">
<div class="">
<canvas id='child-analysis' width='115' height='90'></canvas>
</div>
</div>
<div class="card-footer">
<div><small data-tooltip='42%'><b>3</b> scenarios passed</small></div>
<div>
<small data-tooltip='57%'><b>4</b> scenarios failed,
<b>0</b> skipped, <b data-tooltip='%'>0</b> others
</small>
</div>
</div>
</div>
</div>
<div class="col-md-4">
<div class="card">
<div class="card-header">
<h6 class="card-title">Steps</h6>
</div>
<div class="card-body">
<div class="">
<canvas id='grandchild-analysis' width='115' height='90'></canvas>
</div>
</div>
<div class="card-footer">
<div><small data-tooltip='45%'><b>16</b> steps passed</small></div>
<div>
<small data-tooltip='11%'><b>4</b> steps failed,
<b>15</b> skipped, <b data-tooltip='%'>0</b> others
</small>
</div>
</div>
</div>
</div>
</div>
<div class="row"><div class="col-md-12">
<div class="card"><div class="card-header"><p>Timeline</p></div>
<div class="card-body pt-0"><div>
<canvas id="timeline" height="120"></canvas>
</div></div>
</div>
</div></div>
<script>
var timeline = {
"Checking the Booking Functionality of and Adaction Application":29.453
};
</script>
<div class="row">
<div class="col-lg-6 col-md-12 category-container">
<div class="card">
<div class="card-header"><p>Tags</p></div>
<div class="card-body pb-0 pt-0"><table class="table table-sm table-bordered">
<thead><tr class="bg-gray"><th>Name</th><th>Passed</th><th>Failed</th><th>Skipped</th><th>Others</th><th>Passed %</th></tr></thead><tbody>
<tr>
<td>@tags</td>
<td>4</td>
<td>4</td>
<td>0</td>
<td>0</td>
<td>50%</td>
</tr>
<tr>
<td>@tags4</td>
<td>0</td>
<td>1</td>
<td>0</td>
<td>0</td>
<td>0%</td>
</tr>
<tr>
<td>@tags6</td>
<td>0</td>
<td>1</td>
<td>0</td>
<td>0</td>
<td>0%</td>
</tr>
<tr>
<td>@tags1</td>
<td>4</td>
<td>0</td>
<td>0</td>
<td>0</td>
<td>100%</td>
</tr>
<tr>
<td>@tags5</td>
<td>0</td>
<td>1</td>
<td>0</td>
<td>0</td>
<td>0%</td>
</tr>
<tr>
<td>@tags3</td>
<td>0</td>
<td>1</td>
<td>0</td>
<td>0</td>
<td>0%</td>
</tr>
<tr>
<td>@tags2</td>
<td>3</td>
<td>0</td>
<td>0</td>
<td>0</td>
<td>100%</td>
</tr>
</tbody>
</table></div>
</div>
</div>
<div class="col-lg-6 col-md-12 sysenv-container">
<div class="card">
<div class="card-header"><p>System/Environment</p></div>
<div class="card-body pb-0 pt-0"><table class="table table-sm table-bordered">
<thead><tr class="bg-gray"><th>Name</th><th>Value</th></tr></thead>
<tbody>
<tr>
<td>version</td>
<td>10</td>
</tr>
<tr>
<td>os</td>
<td>Windows</td>
</tr>
</tbody>
</table></div>
</div>
</div>
</div>
</div>
<script>
var statusGroup = {
parentCount: 5,
passParent: 0,
failParent: 1,
warningParent: 0,
skipParent: 0,
childCount: 5,
passChild: 3,
failChild: 4,
warningChild: 0,
skipChild: 0,
infoChild: 0,
grandChildCount: 5,
passGrandChild: 16,
failGrandChild: 4,
warningGrandChild: 0,
skipGrandChild: 15,
infoGrandChild: 0,
eventsCount: 5,
};
</script><div class="test-wrapper row view test-view">
  <div class="test-list">
    <div class="test-list-tools">
<ul class="tools pull-left">
<li><a href="#"><span class="font-size-14">Tests</span></a></li>
</ul>
<ul class="tools text-right">
<li class="dropdown">
<a href="#" class="dropdown-toggle" data-toggle="dropdown"><i class="fa fa-exclamation-circle"></i></a>
<ul id="status-toggle" class="dropdown-menu dropdown-md p-v-0">
<a class="dropdown-item" status="fail" href="#"><span>Fail</span><span class="status danger"></span></a>
<div class="dropdown-divider"></div>
<a status="clear" class="dropdown-item" href="#"><span>Clear</span><span class="pull-right"><i class="fa fa-close"></i></span></a>
</ul>
</li>
<li class="dropdown">
<a href="#" class="dropdown-toggle" data-toggle="dropdown"><i class="fa fa-tag"></i></a>
<ul id="tag-toggle" class="dropdown-menu dropdown-md p-v-0">
<a class="dropdown-item" href="#">@tags</a><a class="dropdown-item" href="#">@tags4</a><a class="dropdown-item" href="#">@tags6</a><a class="dropdown-item" href="#">@tags1</a><a class="dropdown-item" href="#">@tags5</a><a class="dropdown-item" href="#">@tags3</a><a class="dropdown-item" href="#">@tags2</a>
</ul>
</li>
</ul>
</div>    <div class="test-list-wrapper scrollable">
      <ul class="test-list-item">
        <li class="test-item"  status="fail" test-id="1"
          author=""
          tag=""
          device="">
          <div class="test-detail">
            <p class="name">Checking the Booking Functionality of and Adaction Application</p>
            <p class="text-sm">
              <span>1:46:58 pm</span> / <span>00:00:29:453</span>
              <span class="badge fail-bg log float-right">Fail</span>
            </p>
          </div>
          <div class="test-contents d-none">
<div class="detail-head">
<div class="p-v-10">
<div class="info">
<h5 class="test-status text-fail">Checking the Booking Functionality of and Adaction Application</h5>
<span class='badge badge-success'>12.09.2022 1:46:58 pm</span>
<span class='badge badge-danger'>12.09.2022 1:47:27 pm</span>
<span class='badge badge-default'>00:00:29:453</span>
&middot; <span class='uri-anchor badge badge-default'>#test-id=1</span>
<span class='badge badge-default pointer float-right ml-1 et'><i class="fa fa-chevron-down"></i></span>
<span class='badge badge-default pointer float-right ct'><i class="fa fa-chevron-up"></i></span>
</div>
<div class="m-t-10 m-l-5"></div>
</div>
</div>
<div class="accordion mt-4">
  <div class="card">
    <div class="card-header" role="tab">
      <div class="card-title">
        <div class="node" id="2"><span class="badge log pass-bg mr-2">Pass</span>Login Functionality</div>
      </div>
    </div>
        <div class="scenario_outline collapse">
            <div class="card-body l1">
              <div class="card-header">
                <div class="card-title outline-child">
                  <div class="node" id="3"><span class="badge log pass-bg mr-2">Pass</span>Login Functionality</div>
                </div>
              </div>
              <div class="card-body mt-3 collapse">
                  <div class="step pass-bg">
                    <span>Given user Must Launch "http://adactinhotelapp.com/" In The Url Field</span>
      <div>
      </div>
                  </div>
                  <div class="step pass-bg">
                    <span>When user Enter The "abcd" In The Username Field</span>
      <div>
      </div>
                  </div>
                  <div class="step pass-bg">
                    <span>And user Enter The "xyz" In The Password Field</span>
      <div>
      </div>
                  </div>
                  <div class="step pass-bg">
                    <span>Then user Click The LoginButton and It Navigates To The Search Hoterl Page</span>
      <div>
      </div>
                  </div>
              </div>
            </div>
            <div class="card-body l1">
              <div class="card-header">
                <div class="card-title outline-child">
                  <div class="node" id="12"><span class="badge log pass-bg mr-2">Pass</span>Login Functionality</div>
                </div>
              </div>
              <div class="card-body mt-3 collapse">
                  <div class="step pass-bg">
                    <span>Given user Must Launch "http://adactinhotelapp.com/" In The Url Field</span>
      <div>
      </div>
                  </div>
                  <div class="step pass-bg">
                    <span>When user Enter The "fdfc" In The Username Field</span>
      <div>
      </div>
                  </div>
                  <div class="step pass-bg">
                    <span>And user Enter The "abcd" In The Password Field</span>
      <div>
      </div>
                  </div>
                  <div class="step pass-bg">
                    <span>Then user Click The LoginButton and It Navigates To The Search Hoterl Page</span>
      <div>
      </div>
                  </div>
              </div>
            </div>
            <div class="card-body l1">
              <div class="card-header">
                <div class="card-title outline-child">
                  <div class="node" id="21"><span class="badge log pass-bg mr-2">Pass</span>Login Functionality</div>
                </div>
              </div>
              <div class="card-body mt-3 collapse">
                  <div class="step pass-bg">
                    <span>Given user Must Launch "http://adactinhotelapp.com/" In The Url Field</span>
      <div>
      </div>
                  </div>
                  <div class="step pass-bg">
                    <span>When user Enter The "harishvenkat" In The Username Field</span>
      <div>
      </div>
                  </div>
                  <div class="step pass-bg">
                    <span>And user Enter The "W18KU00" In The Password Field</span>
      <div>
      </div>
                  </div>
                  <div class="step pass-bg">
                    <span>Then user Click The LoginButton and It Navigates To The Search Hoterl Page</span>
      <div>
      </div>
                  </div>
              </div>
            </div>
        </div>
  </div>
  <div class="card">
    <div class="card-header" role="tab">
      <div class="card-title">
        <div class="node" id="30"><span class="badge log fail-bg mr-2">Fail</span>Hotel Search Page Functionlity</div>
          <div class="status-avatar float-right mr-4">
            <i class="fa fa-paperclip"></i>
          </div>
      </div>
    </div>
        <div class="">
          <div class="card-body">
              <div class="step fail-bg" title="com.step.StepDefinition.user_select_the_on_the_location_drop_down(java.lang.String)">
                <span>When user Select The "London" On The Location DropDown</span>
      <div>
        <textarea disabled class="code-block">org.openqa.selenium.NoSuchElementException: no such element: Unable to locate element: {"method":"css selector","selector":"#location"}
  (Session info: chrome=108.0.5359.99)
For documentation on this error, please visit: https://www.seleniumhq.org/exceptions/no_such_element.html
Build info: version: '3.141.59', revision: 'e82be7d358', time: '2018-11-14T08:17:03'
System info: host: 'DESKTOP-R48L5PS', ip: '192.168.0.128', os.name: 'Windows 10', os.arch: 'amd64', os.version: '10.0', java.version: '19.0.1'
Driver info: org.openqa.selenium.chrome.ChromeDriver
Capabilities {acceptInsecureCerts: false, browserName: chrome, browserVersion: 108.0.5359.99, chrome: {chromedriverVersion: 108.0.5359.71 (1e0e3868ee06..., userDataDir: C:\Users\haris\AppData\Loca...}, goog:chromeOptions: {debuggerAddress: localhost:63540}, javascriptEnabled: true, networkConnectionEnabled: false, pageLoadStrategy: normal, platform: WINDOWS, platformName: WINDOWS, proxy: Proxy(), setWindowRect: true, strictFileInteractability: false, timeouts: {implicit: 0, pageLoad: 300000, script: 30000}, unhandledPromptBehavior: dismiss and notify, webauthn:extension:credBlob: true, webauthn:extension:largeBlob: true, webauthn:virtualAuthenticators: true}
Session ID: 52de32ffda001b2e848afee41e5705c1
*** Element info: {Using=id, value=location}
	at java.base/jdk.internal.reflect.DirectConstructorHandleAccessor.newInstance(DirectConstructorHandleAccessor.java:67)
	at java.base/java.lang.reflect.Constructor.newInstanceWithCaller(Constructor.java:500)
	at java.base/java.lang.reflect.Constructor.newInstance(Constructor.java:484)
	at org.openqa.selenium.remote.http.W3CHttpResponseCodec.createException(W3CHttpResponseCodec.java:187)
	at org.openqa.selenium.remote.http.W3CHttpResponseCodec.decode(W3CHttpResponseCodec.java:122)
	at org.openqa.selenium.remote.http.W3CHttpResponseCodec.decode(W3CHttpResponseCodec.java:49)
	at org.openqa.selenium.remote.HttpCommandExecutor.execute(HttpCommandExecutor.java:158)
	at org.openqa.selenium.remote.service.DriverCommandExecutor.execute(DriverCommandExecutor.java:83)
	at org.openqa.selenium.remote.RemoteWebDriver.execute(RemoteWebDriver.java:552)
	at org.openqa.selenium.remote.RemoteWebDriver.findElement(RemoteWebDriver.java:323)
	at org.openqa.selenium.remote.RemoteWebDriver.findElementById(RemoteWebDriver.java:372)
	at org.openqa.selenium.By$ById.findElement(By.java:188)
	at org.openqa.selenium.remote.RemoteWebDriver.findElement(RemoteWebDriver.java:315)
	at org.openqa.selenium.support.pagefactory.DefaultElementLocator.findElement(DefaultElementLocator.java:69)
	at org.openqa.selenium.support.pagefactory.internal.LocatingElementHandler.invoke(LocatingElementHandler.java:38)
	at jdk.proxy2/jdk.proxy2.$Proxy37.getTagName(Unknown Source)
	at org.openqa.selenium.support.ui.Select.<init>(Select.java:45)
	at com.MavinProject1.BaseClass.selectByVisibleText(BaseClass.java:95)
	at com.step.StepDefinition.user_select_the_on_the_location_drop_down(StepDefinition.java:79)
	at ✽.user Select The "London" On The Location DropDown(file:///D:/New%20folder%20(2)/Eclipse/Maven/Cucumber_Maven/src/test/java/features/1Adactin.feature:20)
</textarea>
      
      </div>
              </div>
              <div class="step pass-bg" title="AFTER_STEP">
                <span>com.step.StepDefinition.takescreenshot(io.cucumber.java.Scenario)</span>
      <div>imagepass
          <div class="row mb-3"><div class="col-md-3">
<img data-featherlight='../../screenshot/embedded1.png' src="../../screenshot/embedded1.png">
    
    </div></div>
</div>
      <div>
      </div>
              </div>
              <div class="step skip-bg" title="com.step.StepDefinition.user_select_the_on_the_hotel_drop_down(java.lang.String)">
                <span>And user Select The "Hotel Sunshine" On The Hotel DropDown</span>
      <div>Step skipped
      </div>
              </div>
              <div class="step skip-bg" title="com.step.StepDefinition.user_select_the_on_the_room_type_drop_down(java.lang.String)">
                <span>And user Select The "Deluxe" On The Room Type DropDown</span>
      <div>Step skipped
      </div>
              </div>
              <div class="step skip-bg" title="com.step.StepDefinition.user_select_the_on_the_number_of_room_drop_down(java.lang.String)">
                <span>And user Select The "2 - Two" On The Number Of Room DropDown</span>
      <div>Step skipped
      </div>
              </div>
              <div class="step skip-bg" title="com.step.StepDefinition.user_select_the_on_the_adult_per_room_drop_down(java.lang.String)">
                <span>And user Select The "2" On The Adult Per Room DropDown</span>
      <div>Step skipped
      </div>
              </div>
              <div class="step skip-bg" title="com.step.StepDefinition.user_select_the_on_the_childern_per_room_drop_down(java.lang.String)">
                <span>And user Select The "1" On The Childern Per Room DropDown</span>
      <div>Step skipped
      </div>
              </div>
              <div class="step skip-bg" title="com.step.StepDefinition.user_click_the_search_button_and_it_navigate_to_the_hotel_search_page()">
                <span>Then user Click The SearchButton and It Navigate To The Hotel Search Page</span>
      <div>Step skipped
      </div>
              </div>
          </div>
        </div>
  </div>
  <div class="card">
    <div class="card-header" role="tab">
      <div class="card-title">
        <div class="node" id="45"><span class="badge log fail-bg mr-2">Fail</span>Hotel A Hotel Functionality</div>
          <div class="status-avatar float-right mr-4">
            <i class="fa fa-paperclip"></i>
          </div>
      </div>
    </div>
        <div class="">
          <div class="card-body">
              <div class="step fail-bg" title="com.step.StepDefinition.user_select_the_hotel_on_the_select_hotel_field()">
                <span>When user Select The Hotel On The Select Hotel Field</span>
      <div>
        <textarea disabled class="code-block">org.openqa.selenium.NoSuchElementException: no such element: Unable to locate element: {"method":"css selector","selector":"#radiobutton_0"}
  (Session info: chrome=108.0.5359.99)
For documentation on this error, please visit: https://www.seleniumhq.org/exceptions/no_such_element.html
Build info: version: '3.141.59', revision: 'e82be7d358', time: '2018-11-14T08:17:03'
System info: host: 'DESKTOP-R48L5PS', ip: '192.168.0.128', os.name: 'Windows 10', os.arch: 'amd64', os.version: '10.0', java.version: '19.0.1'
Driver info: org.openqa.selenium.chrome.ChromeDriver
Capabilities {acceptInsecureCerts: false, browserName: chrome, browserVersion: 108.0.5359.99, chrome: {chromedriverVersion: 108.0.5359.71 (1e0e3868ee06..., userDataDir: C:\Users\haris\AppData\Loca...}, goog:chromeOptions: {debuggerAddress: localhost:63540}, javascriptEnabled: true, networkConnectionEnabled: false, pageLoadStrategy: normal, platform: WINDOWS, platformName: WINDOWS, proxy: Proxy(), setWindowRect: true, strictFileInteractability: false, timeouts: {implicit: 0, pageLoad: 300000, script: 30000}, unhandledPromptBehavior: dismiss and notify, webauthn:extension:credBlob: true, webauthn:extension:largeBlob: true, webauthn:virtualAuthenticators: true}
Session ID: 52de32ffda001b2e848afee41e5705c1
*** Element info: {Using=id, value=radiobutton_0}
	at java.base/jdk.internal.reflect.DirectConstructorHandleAccessor.newInstance(DirectConstructorHandleAccessor.java:67)
	at java.base/java.lang.reflect.Constructor.newInstanceWithCaller(Constructor.java:500)
	at java.base/java.lang.reflect.Constructor.newInstance(Constructor.java:484)
	at org.openqa.selenium.remote.http.W3CHttpResponseCodec.createException(W3CHttpResponseCodec.java:187)
	at org.openqa.selenium.remote.http.W3CHttpResponseCodec.decode(W3CHttpResponseCodec.java:122)
	at org.openqa.selenium.remote.http.W3CHttpResponseCodec.decode(W3CHttpResponseCodec.java:49)
	at org.openqa.selenium.remote.HttpCommandExecutor.execute(HttpCommandExecutor.java:158)
	at org.openqa.selenium.remote.service.DriverCommandExecutor.execute(DriverCommandExecutor.java:83)
	at org.openqa.selenium.remote.RemoteWebDriver.execute(RemoteWebDriver.java:552)
	at org.openqa.selenium.remote.RemoteWebDriver.findElement(RemoteWebDriver.java:323)
	at org.openqa.selenium.remote.RemoteWebDriver.findElementById(RemoteWebDriver.java:372)
	at org.openqa.selenium.By$ById.findElement(By.java:188)
	at org.openqa.selenium.remote.RemoteWebDriver.findElement(RemoteWebDriver.java:315)
	at org.openqa.selenium.support.pagefactory.DefaultElementLocator.findElement(DefaultElementLocator.java:69)
	at org.openqa.selenium.support.pagefactory.internal.LocatingElementHandler.invoke(LocatingElementHandler.java:38)
	at jdk.proxy2/jdk.proxy2.$Proxy37.click(Unknown Source)
	at com.MavinProject1.BaseClass.Click(BaseClass.java:77)
	at com.step.StepDefinition.user_select_the_hotel_on_the_select_hotel_field(StepDefinition.java:121)
	at ✽.user Select The Hotel On The Select Hotel Field(file:///D:/New%20folder%20(2)/Eclipse/Maven/Cucumber_Maven/src/test/java/features/1Adactin.feature:30)
</textarea>
      
      </div>
              </div>
              <div class="step pass-bg" title="AFTER_STEP">
                <span>com.step.StepDefinition.takescreenshot(io.cucumber.java.Scenario)</span>
      <div>imagepass
          <div class="row mb-3"><div class="col-md-3">
<img data-featherlight='../../screenshot/embedded2.png' src="../../screenshot/embedded2.png">
    
    </div></div>
</div>
      <div>
      </div>
              </div>
              <div class="step skip-bg" title="com.step.StepDefinition.user_click_continue_button_and_it_navigates_to_the_book_a_hotel_page()">
                <span>Then user Click ContinueButton and It Navigates To The Book A Hotel Page</span>
      <div>Step skipped
      </div>
              </div>
          </div>
        </div>
  </div>
  <div class="card">
    <div class="card-header" role="tab">
      <div class="card-title">
        <div class="node" id="50"><span class="badge log fail-bg mr-2">Fail</span>Book A Hotel Functionality</div>
          <div class="status-avatar float-right mr-4">
            <i class="fa fa-paperclip"></i>
          </div>
      </div>
    </div>
        <div class="">
          <div class="card-body">
              <div class="step fail-bg" title="com.step.StepDefinition.user_enter_in_the_first_name_field(java.lang.String)">
                <span>When user Enter "Santhosh" In The First Name Field</span>
      <div>
        <textarea disabled class="code-block">org.openqa.selenium.NoSuchElementException: no such element: Unable to locate element: {"method":"css selector","selector":"#first_name"}
  (Session info: chrome=108.0.5359.99)
For documentation on this error, please visit: https://www.seleniumhq.org/exceptions/no_such_element.html
Build info: version: '3.141.59', revision: 'e82be7d358', time: '2018-11-14T08:17:03'
System info: host: 'DESKTOP-R48L5PS', ip: '192.168.0.128', os.name: 'Windows 10', os.arch: 'amd64', os.version: '10.0', java.version: '19.0.1'
Driver info: org.openqa.selenium.chrome.ChromeDriver
Capabilities {acceptInsecureCerts: false, browserName: chrome, browserVersion: 108.0.5359.99, chrome: {chromedriverVersion: 108.0.5359.71 (1e0e3868ee06..., userDataDir: C:\Users\haris\AppData\Loca...}, goog:chromeOptions: {debuggerAddress: localhost:63540}, javascriptEnabled: true, networkConnectionEnabled: false, pageLoadStrategy: normal, platform: WINDOWS, platformName: WINDOWS, proxy: Proxy(), setWindowRect: true, strictFileInteractability: false, timeouts: {implicit: 0, pageLoad: 300000, script: 30000}, unhandledPromptBehavior: dismiss and notify, webauthn:extension:credBlob: true, webauthn:extension:largeBlob: true, webauthn:virtualAuthenticators: true}
Session ID: 52de32ffda001b2e848afee41e5705c1
*** Element info: {Using=id, value=first_name}
	at java.base/jdk.internal.reflect.DirectConstructorHandleAccessor.newInstance(DirectConstructorHandleAccessor.java:67)
	at java.base/java.lang.reflect.Constructor.newInstanceWithCaller(Constructor.java:500)
	at java.base/java.lang.reflect.Constructor.newInstance(Constructor.java:484)
	at org.openqa.selenium.remote.http.W3CHttpResponseCodec.createException(W3CHttpResponseCodec.java:187)
	at org.openqa.selenium.remote.http.W3CHttpResponseCodec.decode(W3CHttpResponseCodec.java:122)
	at org.openqa.selenium.remote.http.W3CHttpResponseCodec.decode(W3CHttpResponseCodec.java:49)
	at org.openqa.selenium.remote.HttpCommandExecutor.execute(HttpCommandExecutor.java:158)
	at org.openqa.selenium.remote.service.DriverCommandExecutor.execute(DriverCommandExecutor.java:83)
	at org.openqa.selenium.remote.RemoteWebDriver.execute(RemoteWebDriver.java:552)
	at org.openqa.selenium.remote.RemoteWebDriver.findElement(RemoteWebDriver.java:323)
	at org.openqa.selenium.remote.RemoteWebDriver.findElementById(RemoteWebDriver.java:372)
	at org.openqa.selenium.By$ById.findElement(By.java:188)
	at org.openqa.selenium.remote.RemoteWebDriver.findElement(RemoteWebDriver.java:315)
	at org.openqa.selenium.support.pagefactory.DefaultElementLocator.findElement(DefaultElementLocator.java:69)
	at org.openqa.selenium.support.pagefactory.internal.LocatingElementHandler.invoke(LocatingElementHandler.java:38)
	at jdk.proxy2/jdk.proxy2.$Proxy37.sendKeys(Unknown Source)
	at com.MavinProject1.BaseClass.sendKeys(BaseClass.java:72)
	at com.step.StepDefinition.user_enter_in_the_first_name_field(StepDefinition.java:133)
	at ✽.user Enter "Santhosh" In The First Name Field(file:///D:/New%20folder%20(2)/Eclipse/Maven/Cucumber_Maven/src/test/java/features/1Adactin.feature:35)
</textarea>
      
      </div>
              </div>
              <div class="step pass-bg" title="AFTER_STEP">
                <span>com.step.StepDefinition.takescreenshot(io.cucumber.java.Scenario)</span>
      <div>imagepass
          <div class="row mb-3"><div class="col-md-3">
<img data-featherlight='../../screenshot/embedded3.png' src="../../screenshot/embedded3.png">
    
    </div></div>
</div>
      <div>
      </div>
              </div>
              <div class="step skip-bg" title="com.step.StepDefinition.user_enter_the_in_the_last_name_field(java.lang.String)">
                <span>And user Enter The "kumar" In The Last Name Field</span>
      <div>Step skipped
      </div>
              </div>
              <div class="step skip-bg" title="com.step.StepDefinition.user_enter_the_in_the_address_field(java.lang.String)">
                <span>And user Enter The "8/81 Ramar Kovil st, porur, Chennai - 600098" In The Address Field</span>
      <div>Step skipped
      </div>
              </div>
              <div class="step skip-bg" title="com.step.StepDefinition.user_enter_the_in_the_credit_card_number_field(java.lang.String)">
                <span>And user Enter The "4534543768128745" In The Credit Card Number Field</span>
      <div>Step skipped
      </div>
              </div>
              <div class="step skip-bg" title="com.step.StepDefinition.user_enter_the_in_the_credit_card_type_drop_down(java.lang.String)">
                <span>And user Enter The "VISA" In The Credit Card Type DropDown</span>
      <div>Step skipped
      </div>
              </div>
              <div class="step skip-bg" title="com.step.StepDefinition.user_enter_the_on_the_expiry_month_drop_dowm(java.lang.String)">
                <span>And user Enter The "3" on The Expiry Month DropDowm</span>
      <div>Step skipped
      </div>
              </div>
              <div class="step skip-bg" title="com.step.StepDefinition.user_enter_the_in_the_expiry_year_drop_dowm(java.lang.String)">
                <span>And user Enter The "2022" In The Expiry Year DropDowm</span>
      <div>Step skipped
      </div>
              </div>
              <div class="step skip-bg" title="com.step.StepDefinition.user_enter_the_in_the_cvv_number_field(java.lang.String)">
                <span>And user Enter The "0843" In The CVV Number Field</span>
      <div>Step skipped
      </div>
              </div>
              <div class="step skip-bg" title="com.step.StepDefinition.user_click_the_book_now_button_and_it_navigates_to_booking_confirmation_page()">
                <span>Then user Click The Book Now button and It Navigates To Booking Confirmation Page</span>
      <div>Step skipped
      </div>
              </div>
          </div>
        </div>
  </div>
  <div class="card">
    <div class="card-header" role="tab">
      <div class="card-title">
        <div class="node" id="69"><span class="badge log fail-bg mr-2">Fail</span>Booking Confirmation Functionality</div>
          <div class="status-avatar float-right mr-4">
            <i class="fa fa-paperclip"></i>
          </div>
      </div>
    </div>
        <div class="">
          <div class="card-body">
              <div class="step fail-bg" title="com.step.StepDefinition.user_click_log_out_button_it_navigates_to_you_have_successfully_logged_out()">
                <span>Then user Click LogOut button It Navigates To You Have Successfully Logged Out</span>
      <div>
        <textarea disabled class="code-block">org.openqa.selenium.TimeoutException: Expected condition failed: waiting for visibility of all elements located by By.id: logout (tried for 10 second(s) with 500 milliseconds interval)
Build info: version: '3.141.59', revision: 'e82be7d358', time: '2018-11-14T08:17:03'
System info: host: 'DESKTOP-R48L5PS', ip: '192.168.0.128', os.name: 'Windows 10', os.arch: 'amd64', os.version: '10.0', java.version: '19.0.1'
Driver info: org.openqa.selenium.chrome.ChromeDriver
Capabilities {acceptInsecureCerts: false, browserName: chrome, browserVersion: 108.0.5359.99, chrome: {chromedriverVersion: 108.0.5359.71 (1e0e3868ee06..., userDataDir: C:\Users\haris\AppData\Loca...}, goog:chromeOptions: {debuggerAddress: localhost:63540}, javascriptEnabled: true, networkConnectionEnabled: false, pageLoadStrategy: normal, platform: WINDOWS, platformName: WINDOWS, proxy: Proxy(), setWindowRect: true, strictFileInteractability: false, timeouts: {implicit: 0, pageLoad: 300000, script: 30000}, unhandledPromptBehavior: dismiss and notify, webauthn:extension:credBlob: true, webauthn:extension:largeBlob: true, webauthn:virtualAuthenticators: true}
Session ID: 52de32ffda001b2e848afee41e5705c1
	at org.openqa.selenium.support.ui.WebDriverWait.timeoutException(WebDriverWait.java:95)
	at org.openqa.selenium.support.ui.FluentWait.until(FluentWait.java:272)
	at com.MavinProject1.BaseClass.explicitWait(BaseClass.java:109)
	at com.step.StepDefinition.user_click_log_out_button_it_navigates_to_you_have_successfully_logged_out(StepDefinition.java:187)
	at ✽.user Click LogOut button It Navigates To You Have Successfully Logged Out(file:///D:/New%20folder%20(2)/Eclipse/Maven/Cucumber_Maven/src/test/java/features/1Adactin.feature:47)
</textarea>
      
      </div>
              </div>
              <div class="step pass-bg" title="AFTER_STEP">
                <span>com.step.StepDefinition.takescreenshot(io.cucumber.java.Scenario)</span>
      <div>imagepass
          <div class="row mb-3"><div class="col-md-3">
<img data-featherlight='../../screenshot/embedded4.png' src="../../screenshot/embedded4.png">
    
    </div></div>
</div>
      <div>
      </div>
              </div>
          </div>
        </div>
  </div>
</div>
          </div>
        </li>
      </ul>
    </div>
  </div>
<div class="test-content scrollable">
<div class="test-content-tools">
<ul><li><a class="back-to-test" href="#"><i class="fa fa-arrow-left"></i></a></li></ul>
</div>
<div class="test-content-detail"><div class="detail-body"></div></div>
</div></div>
        </div>
      </div>
    </div>
  </div>
<script src="https://cdn.jsdelivr.net/gh/extent-framework/extent-github-cdn@d6562a79075e061305ccfdb82f01e5e195e2d307/spark/js/spark-script.js"></script>
<script type="text/javascript"></script></body>
</html>